This is pdfTeX, Version 3.141592653-2.6-1.40.25 (MiKTeX 24.1) (preloaded format=pdflatex 2025.1.5)  2 FEB 2025 17:08
entering extended mode
 restricted \write18 enabled.
 file:line:error style messages enabled.
 %&-line parsing enabled.
**d:/Escritorio/UPM/IoT/Architecture/Architectures-Memory/ArchServicesMemory.tex
(d:/Escritorio/UPM/IoT/Architecture/Architectures-Memory/ArchServicesMemory.tex
LaTeX2e <2023-11-01> patch level 1
L3 programming layer <2024-01-04>
(C:\Program Files\MiKTeX\tex/latex/base\article.cls
Document Class: article 2023/05/17 v1.4n Standard LaTeX document class
(C:\Program Files\MiKTeX\tex/latex/base\size12.clo
File: size12.clo 2023/05/17 v1.4n Standard LaTeX file (size option)
)
\c@part=\count187
\c@section=\count188
\c@subsection=\count189
\c@subsubsection=\count190
\c@paragraph=\count191
\c@subparagraph=\count192
\c@figure=\count193
\c@table=\count194
\abovecaptionskip=\skip48
\belowcaptionskip=\skip49
\bibindent=\dimen140
) (config.tex (C:\Program Files\MiKTeX\tex/latex/base\inputenc.sty
Package: inputenc 2021/02/14 v1.3d Input encoding file
\inpenc@prehook=\toks17
\inpenc@posthook=\toks18
) (C:\Program Files\MiKTeX\tex/latex/biblatex\biblatex.sty
Package: biblatex 2023/03/05 v3.19 programmable bibliographies (PK/MW)
 (C:\Program Files\MiKTeX\tex/generic/pdftexcmds\pdftexcmds.sty
Package: pdftexcmds 2020-06-27 v0.33 Utility functions of pdfTeX for LuaTeX (HO)
 (C:\Users\Usuario\AppData\Roaming\MiKTeX\tex/generic/infwarerr\infwarerr.sty
Package: infwarerr 2019/12/03 v1.5 Providing info/warning/error messages (HO)
) (C:\Program Files\MiKTeX\tex/generic/iftex\iftex.sty
Package: iftex 2022/02/03 v1.0f TeX engine tests
) (C:\Users\Usuario\AppData\Roaming\MiKTeX\tex/generic/ltxcmds\ltxcmds.sty
Package: ltxcmds 2023-12-04 v1.26 LaTeX kernel commands for general use (HO)
)
Package pdftexcmds Info: \pdf@primitive is available.
Package pdftexcmds Info: \pdf@ifprimitive is available.
Package pdftexcmds Info: \pdfdraftmode found.
) (C:\Program Files\MiKTeX\tex/latex/etoolbox\etoolbox.sty
Package: etoolbox 2020/10/05 v2.5k e-TeX tools for LaTeX (JAW)
\etb@tempcnta=\count195
) (C:\Program Files\MiKTeX\tex/latex/graphics\keyval.sty
Package: keyval 2022/05/29 v1.15 key=value parser (DPC)
\KV@toks@=\toks19
) (C:\Users\Usuario\AppData\Roaming\MiKTeX\tex/latex/kvoptions\kvoptions.sty
Package: kvoptions 2022-06-15 v3.15 Key value format for package options (HO)
 (C:\Users\Usuario\AppData\Roaming\MiKTeX\tex/latex/kvsetkeys\kvsetkeys.sty
Package: kvsetkeys 2022-10-05 v1.19 Key value parser (HO)
)) (C:\Users\Usuario\AppData\Roaming\MiKTeX\tex/latex/logreq\logreq.sty
Package: logreq 2010/08/04 v1.0 xml request logger
\lrq@indent=\count196
 (C:\Users\Usuario\AppData\Roaming\MiKTeX\tex/latex/logreq\logreq.def
File: logreq.def 2010/08/04 v1.0 logreq spec v1.0
)) (C:\Program Files\MiKTeX\tex/latex/base\ifthen.sty
Package: ifthen 2022/04/13 v1.1d Standard LaTeX ifthen package (DPC)
) (C:\Program Files\MiKTeX\tex/latex/url\url.sty
\Urlmuskip=\muskip16
Package: url 2013/09/16  ver 3.4  Verb mode for urls, etc.
)
\c@tabx@nest=\count197
\c@listtotal=\count198
\c@listcount=\count199
\c@liststart=\count266
\c@liststop=\count267
\c@citecount=\count268
\c@citetotal=\count269
\c@multicitecount=\count270
\c@multicitetotal=\count271
\c@instcount=\count272
\c@maxnames=\count273
\c@minnames=\count274
\c@maxitems=\count275
\c@minitems=\count276
\c@citecounter=\count277
\c@maxcitecounter=\count278
\c@savedcitecounter=\count279
\c@uniquelist=\count280
\c@uniquename=\count281
\c@refsection=\count282
\c@refsegment=\count283
\c@maxextratitle=\count284
\c@maxextratitleyear=\count285
\c@maxextraname=\count286
\c@maxextradate=\count287
\c@maxextraalpha=\count288
\c@abbrvpenalty=\count289
\c@highnamepenalty=\count290
\c@lownamepenalty=\count291
\c@maxparens=\count292
\c@parenlevel=\count293
\blx@tempcnta=\count294
\blx@tempcntb=\count295
\blx@tempcntc=\count296
\c@blx@maxsection=\count297
\blx@maxsegment@0=\count298
\blx@notetype=\count299
\blx@parenlevel@text=\count300
\blx@parenlevel@foot=\count301
\blx@sectionciteorder@0=\count302
\blx@sectionciteorderinternal@0=\count303
\blx@entrysetcounter=\count304
\blx@biblioinstance=\count305
\labelnumberwidth=\skip50
\labelalphawidth=\skip51
\biblabelsep=\skip52
\bibitemsep=\skip53
\bibnamesep=\skip54
\bibinitsep=\skip55
\bibparsep=\skip56
\bibhang=\skip57
\blx@bcfin=\read2
\blx@bcfout=\write3
\blx@langwohyphens=\language79
\c@mincomprange=\count306
\c@maxcomprange=\count307
\c@mincompwidth=\count308
Package biblatex Info: Trying to load biblatex default data model...
Package biblatex Info: ... file 'blx-dm.def' found.
 (C:\Program Files\MiKTeX\tex/latex/biblatex\blx-dm.def
File: blx-dm.def 2023/03/05 v3.19 biblatex localization (PK/MW)
)
Package biblatex Info: Trying to load biblatex style data model...
Package biblatex Info: ... file 'ieee.dbx' not found.
Package biblatex Info: Trying to load biblatex custom data model...
Package biblatex Info: ... file 'biblatex-dm.cfg' not found.
\c@afterword=\count309
\c@savedafterword=\count310
\c@annotator=\count311
\c@savedannotator=\count312
\c@author=\count313
\c@savedauthor=\count314
\c@bookauthor=\count315
\c@savedbookauthor=\count316
\c@commentator=\count317
\c@savedcommentator=\count318
\c@editor=\count319
\c@savededitor=\count320
\c@editora=\count321
\c@savededitora=\count322
\c@editorb=\count323
\c@savededitorb=\count324
\c@editorc=\count325
\c@savededitorc=\count326
\c@foreword=\count327
\c@savedforeword=\count328
\c@holder=\count329
\c@savedholder=\count330
\c@introduction=\count331
\c@savedintroduction=\count332
\c@namea=\count333
\c@savednamea=\count334
\c@nameb=\count335
\c@savednameb=\count336
\c@namec=\count337
\c@savednamec=\count338
\c@translator=\count339
\c@savedtranslator=\count340
\c@shortauthor=\count341
\c@savedshortauthor=\count342
\c@shorteditor=\count343
\c@savedshorteditor=\count344
\c@labelname=\count345
\c@savedlabelname=\count346
\c@institution=\count347
\c@savedinstitution=\count348
\c@lista=\count349
\c@savedlista=\count350
\c@listb=\count351
\c@savedlistb=\count352
\c@listc=\count353
\c@savedlistc=\count354
\c@listd=\count355
\c@savedlistd=\count356
\c@liste=\count357
\c@savedliste=\count358
\c@listf=\count359
\c@savedlistf=\count360
\c@location=\count361
\c@savedlocation=\count362
\c@organization=\count363
\c@savedorganization=\count364
\c@origlocation=\count365
\c@savedoriglocation=\count366
\c@origpublisher=\count367
\c@savedorigpublisher=\count368
\c@publisher=\count369
\c@savedpublisher=\count370
\c@language=\count371
\c@savedlanguage=\count372
\c@origlanguage=\count373
\c@savedoriglanguage=\count374
\c@pageref=\count375
\c@savedpageref=\count376
\shorthandwidth=\skip58
\shortjournalwidth=\skip59
\shortserieswidth=\skip60
\shorttitlewidth=\skip61
\shortauthorwidth=\skip62
\shorteditorwidth=\skip63
\locallabelnumberwidth=\skip64
\locallabelalphawidth=\skip65
\localshorthandwidth=\skip66
\localshortjournalwidth=\skip67
\localshortserieswidth=\skip68
\localshorttitlewidth=\skip69
\localshortauthorwidth=\skip70
\localshorteditorwidth=\skip71
Package biblatex Info: Trying to load compatibility code...
Package biblatex Info: ... file 'blx-compat.def' found.
 (C:\Program Files\MiKTeX\tex/latex/biblatex\blx-compat.def
File: blx-compat.def 2023/03/05 v3.19 biblatex compatibility (PK/MW)
)
Package biblatex Info: Trying to load generic definitions...
Package biblatex Info: ... file 'biblatex.def' found.
 (C:\Program Files\MiKTeX\tex/latex/biblatex\biblatex.def
File: biblatex.def 2023/03/05 v3.19 biblatex compatibility (PK/MW)
\c@textcitecount=\count377
\c@textcitetotal=\count378
\c@textcitemaxnames=\count379
\c@biburlbigbreakpenalty=\count380
\c@biburlbreakpenalty=\count381
\c@biburlnumpenalty=\count382
\c@biburlucpenalty=\count383
\c@biburllcpenalty=\count384
\biburlbigskip=\muskip17
\biburlnumskip=\muskip18
\biburlucskip=\muskip19
\biburllcskip=\muskip20
\c@smartand=\count385
)
Package biblatex Info: Trying to load bibliography style 'ieee'...
Package biblatex Info: ... file 'ieee.bbx' found.
 (C:\Users\Usuario\AppData\Roaming\MiKTeX\tex/latex/biblatex-ieee\ieee.bbx
File: ieee.bbx 2024-11-20 v1.4b biblatex bibliography style
Package biblatex Info: Trying to load bibliography style 'numeric-comp'...
Package biblatex Info: ... file 'numeric-comp.bbx' found.
 (C:\Program Files\MiKTeX\tex/latex/biblatex/bbx\numeric-comp.bbx
File: numeric-comp.bbx 2023/03/05 v3.19 biblatex bibliography style (PK/MW)
Package biblatex Info: Trying to load bibliography style 'numeric'...
Package biblatex Info: ... file 'numeric.bbx' found.
 (C:\Program Files\MiKTeX\tex/latex/biblatex/bbx\numeric.bbx
File: numeric.bbx 2023/03/05 v3.19 biblatex bibliography style (PK/MW)
Package biblatex Info: Trying to load bibliography style 'standard'...
Package biblatex Info: ... file 'standard.bbx' found.
 (C:\Program Files\MiKTeX\tex/latex/biblatex/bbx\standard.bbx
File: standard.bbx 2023/03/05 v3.19 biblatex bibliography style (PK/MW)
\c@bbx:relatedcount=\count386
\c@bbx:relatedtotal=\count387
))))
Package biblatex Info: Trying to load citation style 'ieee'...
Package biblatex Info: ... file 'ieee.cbx' found.
 (C:\Users\Usuario\AppData\Roaming\MiKTeX\tex/latex/biblatex-ieee\ieee.cbx
File: ieee.cbx 2024-11-20 v1.4b biblatex citation style
Package biblatex Info: Trying to load citation style 'numeric-verb'...
Package biblatex Info: ... file 'numeric-verb.cbx' found.
 (C:\Program Files\MiKTeX\tex/latex/biblatex/cbx\numeric-verb.cbx
File: numeric-verb.cbx 2023/03/05 v3.19 biblatex citation style (PK/MW)
Package biblatex Info: Redefining '\cite'.
Package biblatex Info: Redefining '\parencite'.
Package biblatex Info: Redefining '\footcite'.
Package biblatex Info: Redefining '\footcitetext'.
Package biblatex Info: Redefining '\smartcite'.
Package biblatex Info: Redefining '\textcite'.
Package biblatex Info: Redefining '\supercite'.
Package biblatex Info: Redefining '\parencites'.
Package biblatex Info: Redefining '\smartcites'.
Package biblatex Info: Redefining '\textcites'.
))
Package biblatex Info: Trying to load configuration file...
Package biblatex Info: ... file 'biblatex.cfg' found.
 (C:\Program Files\MiKTeX\tex/latex/biblatex\biblatex.cfg
File: biblatex.cfg 
)
Package biblatex Info: Input encoding 'utf8' detected.
Package biblatex Info: Document encoding is UTF8 ....
 (C:\Program Files\MiKTeX\tex/latex/l3kernel\expl3.sty
Package: expl3 2024-01-04 L3 programming layer (loader) 
 (C:\Program Files\MiKTeX\tex/latex/l3backend\l3backend-pdftex.def
File: l3backend-pdftex.def 2024-01-04 L3 backend support: PDF output (pdfTeX)
\l__color_backend_stack_int=\count388
\l__pdf_internal_box=\box51
))
Package biblatex Info: ... and expl3
(biblatex)             2024-01-04 L3 programming layer (loader) 
(biblatex)             is new enough (at least 2020/04/06),
(biblatex)             setting 'casechanger=expl3'.
 (C:\Program Files\MiKTeX\tex/latex/biblatex\blx-case-expl3.sty (C:\Program Files\MiKTeX\tex/latex/l3packages/xparse\xparse.sty
Package: xparse 2023-10-10 L3 Experimental document command parser
)
Package: blx-case-expl3 2023/03/05 v3.19 expl3 case changing code for biblatex
)) (C:\Users\Usuario\AppData\Roaming\MiKTeX\tex/latex/csquotes\csquotes.sty
Package: csquotes 2024-04-04 v5.2o context-sensitive quotations (JAW)
\csq@reset=\count389
\csq@gtype=\count390
\csq@glevel=\count391
\csq@qlevel=\count392
\csq@maxlvl=\count393
\csq@tshold=\count394
\csq@ltx@everypar=\toks20
 (C:\Users\Usuario\AppData\Roaming\MiKTeX\tex/latex/csquotes\csquotes.def
File: csquotes.def 2024-04-04 v5.2o csquotes generic definitions (JAW)
)
Package csquotes Info: Trying to load configuration file 'csquotes.cfg'...
Package csquotes Info: ... configuration file loaded successfully.
 (C:\Users\Usuario\AppData\Roaming\MiKTeX\tex/latex/csquotes\csquotes.cfg
File: csquotes.cfg 
)) (C:\Users\Usuario\AppData\Roaming\MiKTeX\tex/latex/geometry\geometry.sty
Package: geometry 2020/01/02 v5.9 Page Geometry
 (C:\Program Files\MiKTeX\tex/generic/iftex\ifvtex.sty
Package: ifvtex 2019/10/25 v1.7 ifvtex legacy package. Use iftex instead.
)
\Gm@cnth=\count395
\Gm@cntv=\count396
\c@Gm@tempcnt=\count397
\Gm@bindingoffset=\dimen141
\Gm@wd@mp=\dimen142
\Gm@odd@mp=\dimen143
\Gm@even@mp=\dimen144
\Gm@layoutwidth=\dimen145
\Gm@layoutheight=\dimen146
\Gm@layouthoffset=\dimen147
\Gm@layoutvoffset=\dimen148
\Gm@dimlist=\toks21
 (C:\Users\Usuario\AppData\Roaming\MiKTeX\tex/latex/geometry\geometry.cfg)) (C:\Program Files\MiKTeX\tex/generic/babel\babel.sty
Package: babel 2024/01/07 v24.1 The Babel package
\babel@savecnt=\count398
\U@D=\dimen149
\l@unhyphenated=\language80
 (C:\Program Files\MiKTeX\tex/generic/babel\txtbabel.def)
\bbl@readstream=\read3
\bbl@dirlevel=\count399

*************************************
* Local config file bblopts.cfg used
*
(C:\Program Files\MiKTeX\tex/latex/arabi\bblopts.cfg
File: bblopts.cfg 2005/09/08 v0.1 add Arabic and Farsi to "declared" options of babel
) (C:\Program Files\MiKTeX\tex/latex/babel-english\english.ldf
Language: english 2017/06/06 v3.3r English support from the babel system
Package babel Info: Hyphen rules for 'canadian' set to \l@english
(babel)             (\language0). Reported on input line 102.
Package babel Info: Hyphen rules for 'australian' set to \l@ukenglish
(babel)             (\language73). Reported on input line 105.
Package babel Info: Hyphen rules for 'newzealand' set to \l@ukenglish
(babel)             (\language73). Reported on input line 108.
)) (C:\Program Files\MiKTeX\tex/generic/babel/locale/en\babel-english.tex
Package babel Info: Importing font and identification data for english
(babel)             from babel-en.ini. Reported on input line 11.
) (C:\Users\Usuario\AppData\Roaming\MiKTeX\tex/latex/float\float.sty
Package: float 2001/11/08 v1.3d Float enhancements (AL)
\c@float@type=\count400
\float@exts=\toks22
\float@box=\box52
\@float@everytoks=\toks23
\@floatcapt=\box53
) (C:\Users\Usuario\AppData\Roaming\MiKTeX\tex/latex/caption\caption.sty
Package: caption 2023/08/05 v3.6o Customizing captions (AR)
 (C:\Users\Usuario\AppData\Roaming\MiKTeX\tex/latex/caption\caption3.sty
Package: caption3 2023/07/31 v2.4d caption3 kernel (AR)
\caption@tempdima=\dimen150
\captionmargin=\dimen151
\caption@leftmargin=\dimen152
\caption@rightmargin=\dimen153
\caption@width=\dimen154
\caption@indent=\dimen155
\caption@parindent=\dimen156
\caption@hangindent=\dimen157
Package caption Info: Standard document class detected.
)
\c@caption@flags=\count401
\c@continuedfloat=\count402
Package caption Info: float package is loaded.
) (C:\Users\Usuario\AppData\Roaming\MiKTeX\tex/latex/pdfpages\pdfpages.sty
Package: pdfpages 2024/10/28 v0.6c Insert pages of external PDF documents (AM)
 (C:\Program Files\MiKTeX\tex/latex/tools\calc.sty
Package: calc 2023/07/08 v4.3 Infix arithmetic (KKT,FJ)
\calc@Acount=\count403
\calc@Bcount=\count404
\calc@Adimen=\dimen158
\calc@Bdimen=\dimen159
\calc@Askip=\skip72
\calc@Bskip=\skip73
LaTeX Info: Redefining \setlength on input line 80.
LaTeX Info: Redefining \addtolength on input line 81.
\calc@Ccount=\count405
\calc@Cskip=\skip74
) (C:\Users\Usuario\AppData\Roaming\MiKTeX\tex/latex/eso-pic\eso-pic.sty
Package: eso-pic 2023/05/03 v3.0c eso-pic (RN)
\ESO@tempdima=\dimen160
\ESO@tempdimb=\dimen161
 (C:\Program Files\MiKTeX\tex/latex/xcolor\xcolor.sty
Package: xcolor 2023/11/15 v3.01 LaTeX color extensions (UK)
 (C:\Program Files\MiKTeX\tex/latex/graphics-cfg\color.cfg
File: color.cfg 2016/01/02 v1.6 sample color configuration
)
Package xcolor Info: Driver file: pdftex.def on input line 274.
 (C:\Program Files\MiKTeX\tex/latex/graphics-def\pdftex.def
File: pdftex.def 2022/09/22 v1.2b Graphics/color driver for pdftex
) (C:\Program Files\MiKTeX\tex/latex/graphics\mathcolor.ltx)
Package xcolor Info: Model `cmy' substituted by `cmy0' on input line 1350.
Package xcolor Info: Model `hsb' substituted by `rgb' on input line 1354.
Package xcolor Info: Model `RGB' extended on input line 1366.
Package xcolor Info: Model `HTML' substituted by `rgb' on input line 1368.
Package xcolor Info: Model `Hsb' substituted by `hsb' on input line 1369.
Package xcolor Info: Model `tHsb' substituted by `hsb' on input line 1370.
Package xcolor Info: Model `HSB' substituted by `hsb' on input line 1371.
Package xcolor Info: Model `Gray' substituted by `gray' on input line 1372.
Package xcolor Info: Model `wave' substituted by `hsb' on input line 1373.
)) (C:\Program Files\MiKTeX\tex/latex/graphics\graphicx.sty
Package: graphicx 2021/09/16 v1.2d Enhanced LaTeX Graphics (DPC,SPQR)
 (C:\Program Files\MiKTeX\tex/latex/graphics\graphics.sty
Package: graphics 2022/03/10 v1.4e Standard LaTeX Graphics (DPC,SPQR)
 (C:\Program Files\MiKTeX\tex/latex/graphics\trig.sty
Package: trig 2021/08/11 v1.11 sin cos tan (DPC)
) (C:\Program Files\MiKTeX\tex/latex/graphics-cfg\graphics.cfg
File: graphics.cfg 2016/06/04 v1.11 sample graphics configuration
)
Package graphics Info: Driver file: pdftex.def on input line 107.
)
\Gin@req@height=\dimen162
\Gin@req@width=\dimen163
)
\AM@pagewidth=\dimen164
\AM@pageheight=\dimen165
\AM@fboxrule=\dimen166
 (C:\Users\Usuario\AppData\Roaming\MiKTeX\tex/latex/pdfpages\pppdftex.def
File: pppdftex.def 2024/10/28 v0.6c Pdfpages driver for pdfTeX (AM)
)
\pdfpages@includegraphics@status=\count406
\AM@pagebox=\box54
\AM@global@opts=\toks24
\AM@pagecnt=\count407
\AM@toc@title=\toks25
\AM@lof@heading=\toks26
\c@AM@survey=\count408
\AM@templatesizebox=\box55
) (C:\Program Files\MiKTeX\tex/latex/hyperref\hyperref.sty
Package: hyperref 2023-11-26 v7.01g Hypertext links for LaTeX
 (C:\Users\Usuario\AppData\Roaming\MiKTeX\tex/generic/kvdefinekeys\kvdefinekeys.sty
Package: kvdefinekeys 2019-12-19 v1.6 Define keys (HO)
) (C:\Users\Usuario\AppData\Roaming\MiKTeX\tex/generic/pdfescape\pdfescape.sty
Package: pdfescape 2019/12/09 v1.15 Implements pdfTeX's escape features (HO)
) (C:\Users\Usuario\AppData\Roaming\MiKTeX\tex/latex/hycolor\hycolor.sty
Package: hycolor 2020-01-27 v1.10 Color options for hyperref/bookmark (HO)
) (C:\Users\Usuario\AppData\Roaming\MiKTeX\tex/latex/letltxmacro\letltxmacro.sty
Package: letltxmacro 2019/12/03 v1.6 Let assignment for LaTeX macros (HO)
) (C:\Users\Usuario\AppData\Roaming\MiKTeX\tex/latex/auxhook\auxhook.sty
Package: auxhook 2019-12-17 v1.6 Hooks for auxiliary files (HO)
) (C:\Program Files\MiKTeX\tex/latex/hyperref\nameref.sty
Package: nameref 2023-11-26 v2.56 Cross-referencing by name of section
 (C:\Users\Usuario\AppData\Roaming\MiKTeX\tex/latex/refcount\refcount.sty
Package: refcount 2019/12/15 v3.6 Data extraction from label references (HO)
) (C:\Users\Usuario\AppData\Roaming\MiKTeX\tex/generic/gettitlestring\gettitlestring.sty
Package: gettitlestring 2019/12/15 v1.6 Cleanup title references (HO)
)
\c@section@level=\count409
)
\@linkdim=\dimen167
\Hy@linkcounter=\count410
\Hy@pagecounter=\count411
 (C:\Program Files\MiKTeX\tex/latex/hyperref\pd1enc.def
File: pd1enc.def 2023-11-26 v7.01g Hyperref: PDFDocEncoding definition (HO)
Now handling font encoding PD1 ...
... no UTF-8 mapping file for font encoding PD1
) (C:\Users\Usuario\AppData\Roaming\MiKTeX\tex/generic/intcalc\intcalc.sty
Package: intcalc 2019/12/15 v1.3 Expandable calculations with integers (HO)
)
\Hy@SavedSpaceFactor=\count412
 (C:\Program Files\MiKTeX\tex/latex/hyperref\puenc.def
File: puenc.def 2023-11-26 v7.01g Hyperref: PDF Unicode definition (HO)
Now handling font encoding PU ...
... no UTF-8 mapping file for font encoding PU
)
Package hyperref Info: Hyper figures OFF on input line 4181.
Package hyperref Info: Link nesting OFF on input line 4186.
Package hyperref Info: Hyper index ON on input line 4189.
Package hyperref Info: Plain pages OFF on input line 4196.
Package hyperref Info: Backreferencing OFF on input line 4201.
Package hyperref Info: Implicit mode ON; LaTeX internals redefined.
Package hyperref Info: Bookmarks ON on input line 4448.
\c@Hy@tempcnt=\count413
LaTeX Info: Redefining \url on input line 4786.
\XeTeXLinkMargin=\dimen168
 (C:\Users\Usuario\AppData\Roaming\MiKTeX\tex/generic/bitset\bitset.sty
Package: bitset 2019/12/09 v1.3 Handle bit-vector datatype (HO)
 (C:\Users\Usuario\AppData\Roaming\MiKTeX\tex/generic/bigintcalc\bigintcalc.sty
Package: bigintcalc 2019/12/15 v1.5 Expandable calculations on big integers (HO)
))
\Fld@menulength=\count414
\Field@Width=\dimen169
\Fld@charsize=\dimen170
Package hyperref Info: Hyper figures OFF on input line 6065.
Package hyperref Info: Link nesting OFF on input line 6070.
Package hyperref Info: Hyper index ON on input line 6073.
Package hyperref Info: backreferencing OFF on input line 6080.
Package hyperref Info: Link coloring OFF on input line 6085.
Package hyperref Info: Link coloring with OCG OFF on input line 6090.
Package hyperref Info: PDF/A mode OFF on input line 6095.
 (C:\Program Files\MiKTeX\tex/latex/base\atbegshi-ltx.sty
Package: atbegshi-ltx 2021/01/10 v1.0c Emulation of the original atbegshi
package with kernel methods
)
\Hy@abspage=\count415
\c@Item=\count416
\c@Hfootnote=\count417
)
Package hyperref Info: Driver (autodetected): hpdftex.
 (C:\Program Files\MiKTeX\tex/latex/hyperref\hpdftex.def
File: hpdftex.def 2023-11-26 v7.01g Hyperref driver for pdfTeX
 (C:\Program Files\MiKTeX\tex/latex/base\atveryend-ltx.sty
Package: atveryend-ltx 2020/08/19 v1.0a Emulation of the original atveryend package
with kernel methods
)
\Fld@listcount=\count418
\c@bookmark@seq@number=\count419
 (C:\Users\Usuario\AppData\Roaming\MiKTeX\tex/latex/rerunfilecheck\rerunfilecheck.sty
Package: rerunfilecheck 2022-07-10 v1.10 Rerun checks for auxiliary files (HO)
 (C:\Users\Usuario\AppData\Roaming\MiKTeX\tex/generic/uniquecounter\uniquecounter.sty
Package: uniquecounter 2019/12/15 v1.4 Provide unlimited unique counter (HO)
)
Package uniquecounter Info: New unique counter `rerunfilecheck' on input line 285.
)
\Hy@SectionHShift=\skip75
) (C:\Program Files\MiKTeX\tex/latex/tools\longtable.sty
Package: longtable 2023-11-01 v4.19 Multi-page Table package (DPC)
\LTleft=\skip76
\LTright=\skip77
\LTpre=\skip78
\LTpost=\skip79
\LTchunksize=\count420
\LTcapwidth=\dimen171
\LT@head=\box56
\LT@firsthead=\box57
\LT@foot=\box58
\LT@lastfoot=\box59
\LT@gbox=\box60
\LT@cols=\count421
\LT@rows=\count422
\c@LT@tables=\count423
\c@LT@chunks=\count424
\LT@p@ftn=\toks27
) (C:\Users\Usuario\AppData\Roaming\MiKTeX\tex/latex/titlesec\titlesec.sty
Package: titlesec 2023/10/27 v2.16 Sectioning titles
\ttl@box=\box61
\beforetitleunit=\skip80
\aftertitleunit=\skip81
\ttl@plus=\dimen172
\ttl@minus=\dimen173
\ttl@toksa=\toks28
\titlewidth=\dimen174
\titlewidthlast=\dimen175
\titlewidthfirst=\dimen176
) (C:\Users\Usuario\AppData\Roaming\MiKTeX\tex/latex/fancyhdr\fancyhdr.sty
Package: fancyhdr 2025/01/01 v5.0 Extensive control of page headers and footers
\f@nch@headwidth=\skip82
\f@nch@offset@elh=\skip83
\f@nch@offset@erh=\skip84
\f@nch@offset@olh=\skip85
\f@nch@offset@orh=\skip86
\f@nch@offset@elf=\skip87
\f@nch@offset@erf=\skip88
\f@nch@offset@olf=\skip89
\f@nch@offset@orf=\skip90
\f@nch@height=\skip91
\f@nch@footalignment=\skip92
\f@nch@widthL=\skip93
\f@nch@widthC=\skip94
\f@nch@widthR=\skip95
\@temptokenb=\toks29
) (C:\Users\Usuario\AppData\Roaming\MiKTeX\tex/latex/parskip\parskip.sty
Package: parskip 2021-03-14 v2.0h non-zero parskip adjustments
) (C:\Users\Usuario\AppData\Roaming\MiKTeX\tex/latex/glossaries/base\glossaries.sty
Package: glossaries 2024/11/01 v4.55 (NLCT)
 (C:\Program Files\MiKTeX\tex/latex/xkeyval\xkeyval.sty
Package: xkeyval 2022/06/16 v2.9 package option processing (HA)
 (C:\Program Files\MiKTeX\tex/generic/xkeyval\xkeyval.tex (C:\Program Files\MiKTeX\tex/generic/xkeyval\xkvutils.tex
\XKV@toks=\toks30
\XKV@tempa@toks=\toks31
)
\XKV@depth=\count425
File: xkeyval.tex 2014/12/03 v2.7a key=value parser (HA)
)) (C:\Users\Usuario\AppData\Roaming\MiKTeX\tex/latex/mfirstuc\mfirstuc.sty
Package: mfirstuc 2022/10/14 v2.08 (NLCT)
\@glsmfirst=\toks32
\@glsmrest=\toks33
) (C:\Users\Usuario\AppData\Roaming\MiKTeX\tex/latex/xfor\xfor.sty
Package: xfor 2009/02/05 v1.05 (NLCT)
) (C:\Program Files\MiKTeX\tex/latex/amsmath\amsgen.sty
File: amsgen.sty 1999/11/30 v2.0 generic functions
\@emptytoks=\toks34
\ex@=\dimen177
) (C:\Users\Usuario\AppData\Roaming\MiKTeX\tex/latex/tracklang\tracklang.sty
Package: tracklang 2022/12/13 v1.6.1 (NLCT) Track Languages
 (C:\Users\Usuario\AppData\Roaming\MiKTeX\tex/generic/tracklang\tracklang.tex)) (C:\Users\Usuario\AppData\Roaming\MiKTeX\tex/latex/translator\translator.sty
Package: translator 2021-05-31 v1.12d Easy translation of strings in LaTeX
) (C:\Users\Usuario\AppData\Roaming\MiKTeX\tex/latex/glossaries-english\glossaries-english.ldf
File: glossaries-english.ldf 2014/11/23 v1.0
) (C:\Users\Usuario\AppData\Roaming\MiKTeX\tex/latex/datatool\datatool-base.sty
Package: datatool-base 2019/09/27 v2.32 (NLCT)
 (C:\Program Files\MiKTeX\tex/latex/amsmath\amsmath.sty
Package: amsmath 2023/05/13 v2.17o AMS math features
\@mathmargin=\skip96

For additional information on amsmath, use the `?' option.
(C:\Program Files\MiKTeX\tex/latex/amsmath\amstext.sty
Package: amstext 2021/08/26 v2.01 AMS text
) (C:\Program Files\MiKTeX\tex/latex/amsmath\amsbsy.sty
Package: amsbsy 1999/11/29 v1.2d Bold Symbols
\pmbraise@=\dimen178
) (C:\Program Files\MiKTeX\tex/latex/amsmath\amsopn.sty
Package: amsopn 2022/04/08 v2.04 operator names
)
\inf@bad=\count426
LaTeX Info: Redefining \frac on input line 234.
\uproot@=\count427
\leftroot@=\count428
LaTeX Info: Redefining \overline on input line 399.
LaTeX Info: Redefining \colon on input line 410.
\classnum@=\count429
\DOTSCASE@=\count430
LaTeX Info: Redefining \ldots on input line 496.
LaTeX Info: Redefining \dots on input line 499.
LaTeX Info: Redefining \cdots on input line 620.
\Mathstrutbox@=\box62
\strutbox@=\box63
LaTeX Info: Redefining \big on input line 722.
LaTeX Info: Redefining \Big on input line 723.
LaTeX Info: Redefining \bigg on input line 724.
LaTeX Info: Redefining \Bigg on input line 725.
\big@size=\dimen179
LaTeX Font Info:    Redeclaring font encoding OML on input line 743.
LaTeX Font Info:    Redeclaring font encoding OMS on input line 744.
\macc@depth=\count431
LaTeX Info: Redefining \bmod on input line 905.
LaTeX Info: Redefining \pmod on input line 910.
LaTeX Info: Redefining \smash on input line 940.
LaTeX Info: Redefining \relbar on input line 970.
LaTeX Info: Redefining \Relbar on input line 971.
\c@MaxMatrixCols=\count432
\dotsspace@=\muskip21
\c@parentequation=\count433
\dspbrk@lvl=\count434
\tag@help=\toks35
\row@=\count435
\column@=\count436
\maxfields@=\count437
\andhelp@=\toks36
\eqnshift@=\dimen180
\alignsep@=\dimen181
\tagshift@=\dimen182
\tagwidth@=\dimen183
\totwidth@=\dimen184
\lineht@=\dimen185
\@envbody=\toks37
\multlinegap=\skip97
\multlinetaggap=\skip98
\mathdisplay@stack=\toks38
LaTeX Info: Redefining \[ on input line 2953.
LaTeX Info: Redefining \] on input line 2954.
) (C:\Users\Usuario\AppData\Roaming\MiKTeX\tex/latex/substr\substr.sty
Package: substr 2009/10/20 v1.2 Handle substrings
\c@su@anzahl=\count438
) (C:\Users\Usuario\AppData\Roaming\MiKTeX\tex/latex/datatool\datatool-fp.sty
Package: datatool-fp 2019/09/27 v2.32 (NLCT)
 (C:\Users\Usuario\AppData\Roaming\MiKTeX\tex/latex/fp\fp.sty
Package: fp 1995/04/02
 `Fixed Point Package', Version 0.8, April 2, 1995 (C) Michael Mehlich (C:\Users\Usuario\AppData\Roaming\MiKTeX\tex/latex/fp\defpattern.sty
Package: defpattern 1994/10/12
\actioncount=\count439
) (C:\Users\Usuario\AppData\Roaming\MiKTeX\tex/latex/fp\fp-basic.sty
Package: fp-basic 1996/05/13
\FP@xs=\count440
\FP@xia=\count441
\FP@xib=\count442
\FP@xfa=\count443
\FP@xfb=\count444
\FP@rega=\count445
\FP@regb=\count446
\FP@regs=\count447
\FP@times=\count448
) (C:\Users\Usuario\AppData\Roaming\MiKTeX\tex/latex/fp\fp-addons.sty
Package: fp-addons 1995/03/15
) (C:\Users\Usuario\AppData\Roaming\MiKTeX\tex/latex/fp\fp-snap.sty
Package: fp-snap 1995/04/05
) (C:\Users\Usuario\AppData\Roaming\MiKTeX\tex/latex/fp\fp-exp.sty
Package: fp-exp 1995/04/03
) (C:\Users\Usuario\AppData\Roaming\MiKTeX\tex/latex/fp\fp-trigo.sty
Package: fp-trigo 1995/04/14
) (C:\Users\Usuario\AppData\Roaming\MiKTeX\tex/latex/fp\fp-pas.sty
Package: fp-pas 1994/08/29
) (C:\Users\Usuario\AppData\Roaming\MiKTeX\tex/latex/fp\fp-random.sty
Package: fp-random 1995/02/23
\FPseed=\count449
) (C:\Users\Usuario\AppData\Roaming\MiKTeX\tex/latex/fp\fp-eqn.sty
Package: fp-eqn 1995/04/03
) (C:\Users\Usuario\AppData\Roaming\MiKTeX\tex/latex/fp\fp-upn.sty
Package: fp-upn 1996/10/21
) (C:\Users\Usuario\AppData\Roaming\MiKTeX\tex/latex/fp\fp-eval.sty
Package: fp-eval 1995/04/03
)))
\@dtl@toks=\toks39
\@dtl@tmpcount=\count450
\dtl@tmplength=\skip99
\dtl@sortresult=\count451
\@dtl@numgrpsepcount=\count452
\@dtl@datatype=\count453
\dtl@codeA=\count454
\dtl@codeB=\count455
\@dtl@foreach@level=\count456
)
\gls@level=\count457
\@gls@tmpb=\toks40
\gls@tmplen=\skip100
\glskeylisttok=\toks41
\glslabeltok=\toks42
\glsshorttok=\toks43
\glslongtok=\toks44
 (C:\Users\Usuario\AppData\Roaming\MiKTeX\tex/latex/glossaries/styles\glossary-hypernav.sty
Package: glossary-hypernav 2024/11/01 v4.55 (NLCT)
) (C:\Users\Usuario\AppData\Roaming\MiKTeX\tex/latex/glossaries/styles\glossary-list.sty
Package: glossary-list 2024/11/01 v4.55 (NLCT)
\glslistdottedwidth=\skip101
) (C:\Users\Usuario\AppData\Roaming\MiKTeX\tex/latex/glossaries/styles\glossary-long.sty
Package: glossary-long 2024/11/01 v4.55 (NLCT)
\glsdescwidth=\skip102
\glspagelistwidth=\skip103
) (C:\Users\Usuario\AppData\Roaming\MiKTeX\tex/latex/glossaries/styles\glossary-super.sty
Package: glossary-super 2024/11/01 v4.55 (NLCT)
 (C:\Users\Usuario\AppData\Roaming\MiKTeX\tex/latex/supertabular\supertabular.sty
Package: supertabular 2024/07/20 v4.2c the supertabular environment
\c@tracingst=\count458
\ST@wd=\dimen186
\ST@rightskip=\skip104
\ST@leftskip=\skip105
\ST@parfillskip=\skip106
\ST@pageleft=\dimen187
\ST@headht=\dimen188
\ST@tailht=\dimen189
\ST@pagesofar=\dimen190
\ST@pboxht=\dimen191
\ST@rowht=\dimen192
\ST@prevht=\dimen193
\ST@toadd=\dimen194
\ST@dimen=\dimen195
\ST@pbox=\box64
)) (C:\Users\Usuario\AppData\Roaming\MiKTeX\tex/latex/glossaries/styles\glossary-tree.sty
Package: glossary-tree 2024/11/01 v4.55 (NLCT)
\glstreeindent=\skip107
)) (C:\Users\Usuario\AppData\Roaming\MiKTeX\tex/latex/todonotes\todonotes.sty
Package: todonotes 2024/01/05 v1.1.7 Todonotes source and documentation.
Package: todonotes 2024/01/05
 (C:\Program Files\MiKTeX\tex/latex/pgf/frontendlayer\tikz.sty (C:\Program Files\MiKTeX\tex/latex/pgf/basiclayer\pgf.sty (C:\Program Files\MiKTeX\tex/latex/pgf/utilities\pgfrcs.sty (C:\Program Files\MiKTeX\tex/generic/pgf/utilities\pgfutil-common.tex
\pgfutil@everybye=\toks45
\pgfutil@tempdima=\dimen196
\pgfutil@tempdimb=\dimen197
) (C:\Program Files\MiKTeX\tex/generic/pgf/utilities\pgfutil-latex.def
\pgfutil@abb=\box65
) (C:\Program Files\MiKTeX\tex/generic/pgf/utilities\pgfrcs.code.tex (C:\Program Files\MiKTeX\tex/generic/pgf\pgf.revision.tex)
Package: pgfrcs 2023-01-15 v3.1.10 (3.1.10)
))
Package: pgf 2023-01-15 v3.1.10 (3.1.10)
 (C:\Program Files\MiKTeX\tex/latex/pgf/basiclayer\pgfcore.sty (C:\Program Files\MiKTeX\tex/latex/pgf/systemlayer\pgfsys.sty (C:\Program Files\MiKTeX\tex/generic/pgf/systemlayer\pgfsys.code.tex
Package: pgfsys 2023-01-15 v3.1.10 (3.1.10)
 (C:\Program Files\MiKTeX\tex/generic/pgf/utilities\pgfkeys.code.tex
\pgfkeys@pathtoks=\toks46
\pgfkeys@temptoks=\toks47
 (C:\Program Files\MiKTeX\tex/generic/pgf/utilities\pgfkeyslibraryfiltered.code.tex
\pgfkeys@tmptoks=\toks48
))
\pgf@x=\dimen198
\pgf@y=\dimen199
\pgf@xa=\dimen256
\pgf@ya=\dimen257
\pgf@xb=\dimen258
\pgf@yb=\dimen259
\pgf@xc=\dimen260
\pgf@yc=\dimen261
\pgf@xd=\dimen262
\pgf@yd=\dimen263
\w@pgf@writea=\write4
\r@pgf@reada=\read4
\c@pgf@counta=\count459
\c@pgf@countb=\count460
\c@pgf@countc=\count461
\c@pgf@countd=\count462
\t@pgf@toka=\toks49
\t@pgf@tokb=\toks50
\t@pgf@tokc=\toks51
\pgf@sys@id@count=\count463
 (C:\Program Files\MiKTeX\tex/generic/pgf/systemlayer\pgf.cfg
File: pgf.cfg 2023-01-15 v3.1.10 (3.1.10)
)
Driver file for pgf: pgfsys-pdftex.def
 (C:\Program Files\MiKTeX\tex/generic/pgf/systemlayer\pgfsys-pdftex.def
File: pgfsys-pdftex.def 2023-01-15 v3.1.10 (3.1.10)
 (C:\Program Files\MiKTeX\tex/generic/pgf/systemlayer\pgfsys-common-pdf.def
File: pgfsys-common-pdf.def 2023-01-15 v3.1.10 (3.1.10)
))) (C:\Program Files\MiKTeX\tex/generic/pgf/systemlayer\pgfsyssoftpath.code.tex
File: pgfsyssoftpath.code.tex 2023-01-15 v3.1.10 (3.1.10)
\pgfsyssoftpath@smallbuffer@items=\count464
\pgfsyssoftpath@bigbuffer@items=\count465
) (C:\Program Files\MiKTeX\tex/generic/pgf/systemlayer\pgfsysprotocol.code.tex
File: pgfsysprotocol.code.tex 2023-01-15 v3.1.10 (3.1.10)
)) (C:\Program Files\MiKTeX\tex/generic/pgf/basiclayer\pgfcore.code.tex
Package: pgfcore 2023-01-15 v3.1.10 (3.1.10)
 (C:\Program Files\MiKTeX\tex/generic/pgf/math\pgfmath.code.tex (C:\Program Files\MiKTeX\tex/generic/pgf/math\pgfmathutil.code.tex) (C:\Program Files\MiKTeX\tex/generic/pgf/math\pgfmathparser.code.tex
\pgfmath@dimen=\dimen264
\pgfmath@count=\count466
\pgfmath@box=\box66
\pgfmath@toks=\toks52
\pgfmath@stack@operand=\toks53
\pgfmath@stack@operation=\toks54
) (C:\Program Files\MiKTeX\tex/generic/pgf/math\pgfmathfunctions.code.tex) (C:\Program Files\MiKTeX\tex/generic/pgf/math\pgfmathfunctions.basic.code.tex) (C:\Program Files\MiKTeX\tex/generic/pgf/math\pgfmathfunctions.trigonometric.code.tex) (C:\Program Files\MiKTeX\tex/generic/pgf/math\pgfmathfunctions.random.code.tex) (C:\Program Files\MiKTeX\tex/generic/pgf/math\pgfmathfunctions.comparison.code.tex) (C:\Program Files\MiKTeX\tex/generic/pgf/math\pgfmathfunctions.base.code.tex) (C:\Program Files\MiKTeX\tex/generic/pgf/math\pgfmathfunctions.round.code.tex) (C:\Program Files\MiKTeX\tex/generic/pgf/math\pgfmathfunctions.misc.code.tex) (C:\Program Files\MiKTeX\tex/generic/pgf/math\pgfmathfunctions.integerarithmetics.code.tex) (C:\Program Files\MiKTeX\tex/generic/pgf/math\pgfmathcalc.code.tex) (C:\Program Files\MiKTeX\tex/generic/pgf/math\pgfmathfloat.code.tex
\c@pgfmathroundto@lastzeros=\count467
)) (C:\Program Files\MiKTeX\tex/generic/pgf/math\pgfint.code.tex) (C:\Program Files\MiKTeX\tex/generic/pgf/basiclayer\pgfcorepoints.code.tex
File: pgfcorepoints.code.tex 2023-01-15 v3.1.10 (3.1.10)
\pgf@picminx=\dimen265
\pgf@picmaxx=\dimen266
\pgf@picminy=\dimen267
\pgf@picmaxy=\dimen268
\pgf@pathminx=\dimen269
\pgf@pathmaxx=\dimen270
\pgf@pathminy=\dimen271
\pgf@pathmaxy=\dimen272
\pgf@xx=\dimen273
\pgf@xy=\dimen274
\pgf@yx=\dimen275
\pgf@yy=\dimen276
\pgf@zx=\dimen277
\pgf@zy=\dimen278
) (C:\Program Files\MiKTeX\tex/generic/pgf/basiclayer\pgfcorepathconstruct.code.tex
File: pgfcorepathconstruct.code.tex 2023-01-15 v3.1.10 (3.1.10)
\pgf@path@lastx=\dimen279
\pgf@path@lasty=\dimen280
) (C:\Program Files\MiKTeX\tex/generic/pgf/basiclayer\pgfcorepathusage.code.tex
File: pgfcorepathusage.code.tex 2023-01-15 v3.1.10 (3.1.10)
\pgf@shorten@end@additional=\dimen281
\pgf@shorten@start@additional=\dimen282
) (C:\Program Files\MiKTeX\tex/generic/pgf/basiclayer\pgfcorescopes.code.tex
File: pgfcorescopes.code.tex 2023-01-15 v3.1.10 (3.1.10)
\pgfpic=\box67
\pgf@hbox=\box68
\pgf@layerbox@main=\box69
\pgf@picture@serial@count=\count468
) (C:\Program Files\MiKTeX\tex/generic/pgf/basiclayer\pgfcoregraphicstate.code.tex
File: pgfcoregraphicstate.code.tex 2023-01-15 v3.1.10 (3.1.10)
\pgflinewidth=\dimen283
) (C:\Program Files\MiKTeX\tex/generic/pgf/basiclayer\pgfcoretransformations.code.tex
File: pgfcoretransformations.code.tex 2023-01-15 v3.1.10 (3.1.10)
\pgf@pt@x=\dimen284
\pgf@pt@y=\dimen285
\pgf@pt@temp=\dimen286
) (C:\Program Files\MiKTeX\tex/generic/pgf/basiclayer\pgfcorequick.code.tex
File: pgfcorequick.code.tex 2023-01-15 v3.1.10 (3.1.10)
) (C:\Program Files\MiKTeX\tex/generic/pgf/basiclayer\pgfcoreobjects.code.tex
File: pgfcoreobjects.code.tex 2023-01-15 v3.1.10 (3.1.10)
) (C:\Program Files\MiKTeX\tex/generic/pgf/basiclayer\pgfcorepathprocessing.code.tex
File: pgfcorepathprocessing.code.tex 2023-01-15 v3.1.10 (3.1.10)
) (C:\Program Files\MiKTeX\tex/generic/pgf/basiclayer\pgfcorearrows.code.tex
File: pgfcorearrows.code.tex 2023-01-15 v3.1.10 (3.1.10)
\pgfarrowsep=\dimen287
) (C:\Program Files\MiKTeX\tex/generic/pgf/basiclayer\pgfcoreshade.code.tex
File: pgfcoreshade.code.tex 2023-01-15 v3.1.10 (3.1.10)
\pgf@max=\dimen288
\pgf@sys@shading@range@num=\count469
\pgf@shadingcount=\count470
) (C:\Program Files\MiKTeX\tex/generic/pgf/basiclayer\pgfcoreimage.code.tex
File: pgfcoreimage.code.tex 2023-01-15 v3.1.10 (3.1.10)
) (C:\Program Files\MiKTeX\tex/generic/pgf/basiclayer\pgfcoreexternal.code.tex
File: pgfcoreexternal.code.tex 2023-01-15 v3.1.10 (3.1.10)
\pgfexternal@startupbox=\box70
) (C:\Program Files\MiKTeX\tex/generic/pgf/basiclayer\pgfcorelayers.code.tex
File: pgfcorelayers.code.tex 2023-01-15 v3.1.10 (3.1.10)
) (C:\Program Files\MiKTeX\tex/generic/pgf/basiclayer\pgfcoretransparency.code.tex
File: pgfcoretransparency.code.tex 2023-01-15 v3.1.10 (3.1.10)
) (C:\Program Files\MiKTeX\tex/generic/pgf/basiclayer\pgfcorepatterns.code.tex
File: pgfcorepatterns.code.tex 2023-01-15 v3.1.10 (3.1.10)
) (C:\Program Files\MiKTeX\tex/generic/pgf/basiclayer\pgfcorerdf.code.tex
File: pgfcorerdf.code.tex 2023-01-15 v3.1.10 (3.1.10)
))) (C:\Program Files\MiKTeX\tex/generic/pgf/modules\pgfmoduleshapes.code.tex
File: pgfmoduleshapes.code.tex 2023-01-15 v3.1.10 (3.1.10)
\pgfnodeparttextbox=\box71
) (C:\Program Files\MiKTeX\tex/generic/pgf/modules\pgfmoduleplot.code.tex
File: pgfmoduleplot.code.tex 2023-01-15 v3.1.10 (3.1.10)
) (C:\Program Files\MiKTeX\tex/latex/pgf/compatibility\pgfcomp-version-0-65.sty
Package: pgfcomp-version-0-65 2023-01-15 v3.1.10 (3.1.10)
\pgf@nodesepstart=\dimen289
\pgf@nodesepend=\dimen290
) (C:\Program Files\MiKTeX\tex/latex/pgf/compatibility\pgfcomp-version-1-18.sty
Package: pgfcomp-version-1-18 2023-01-15 v3.1.10 (3.1.10)
)) (C:\Program Files\MiKTeX\tex/latex/pgf/utilities\pgffor.sty (C:\Program Files\MiKTeX\tex/latex/pgf/utilities\pgfkeys.sty (C:\Program Files\MiKTeX\tex/generic/pgf/utilities\pgfkeys.code.tex)) (C:\Program Files\MiKTeX\tex/latex/pgf/math\pgfmath.sty (C:\Program Files\MiKTeX\tex/generic/pgf/math\pgfmath.code.tex)) (C:\Program Files\MiKTeX\tex/generic/pgf/utilities\pgffor.code.tex
Package: pgffor 2023-01-15 v3.1.10 (3.1.10)
\pgffor@iter=\dimen291
\pgffor@skip=\dimen292
\pgffor@stack=\toks55
\pgffor@toks=\toks56
)) (C:\Program Files\MiKTeX\tex/generic/pgf/frontendlayer/tikz\tikz.code.tex
Package: tikz 2023-01-15 v3.1.10 (3.1.10)
 (C:\Program Files\MiKTeX\tex/generic/pgf/libraries\pgflibraryplothandlers.code.tex
File: pgflibraryplothandlers.code.tex 2023-01-15 v3.1.10 (3.1.10)
\pgf@plot@mark@count=\count471
\pgfplotmarksize=\dimen293
)
\tikz@lastx=\dimen294
\tikz@lasty=\dimen295
\tikz@lastxsaved=\dimen296
\tikz@lastysaved=\dimen297
\tikz@lastmovetox=\dimen298
\tikz@lastmovetoy=\dimen299
\tikzleveldistance=\dimen300
\tikzsiblingdistance=\dimen301
\tikz@figbox=\box72
\tikz@figbox@bg=\box73
\tikz@tempbox=\box74
\tikz@tempbox@bg=\box75
\tikztreelevel=\count472
\tikznumberofchildren=\count473
\tikznumberofcurrentchild=\count474
\tikz@fig@count=\count475
 (C:\Program Files\MiKTeX\tex/generic/pgf/modules\pgfmodulematrix.code.tex
File: pgfmodulematrix.code.tex 2023-01-15 v3.1.10 (3.1.10)
\pgfmatrixcurrentrow=\count476
\pgfmatrixcurrentcolumn=\count477
\pgf@matrix@numberofcolumns=\count478
)
\tikz@expandcount=\count479
 (C:\Program Files\MiKTeX\tex/generic/pgf/frontendlayer/tikz/libraries\tikzlibrarytopaths.code.tex
File: tikzlibrarytopaths.code.tex 2023-01-15 v3.1.10 (3.1.10)
))) (C:\Program Files\MiKTeX\tex/generic/pgf/frontendlayer/tikz/libraries\tikzlibrarypositioning.code.tex
File: tikzlibrarypositioning.code.tex 2023-01-15 v3.1.10 (3.1.10)
)
\c@@todonotes@numberoftodonotes=\count480
) (C:\Users\Usuario\AppData\Roaming\MiKTeX\tex/latex/dirtree\dirtree.sty
Package: dirtree 2012/12/11 v0.32 package wrapper for dirtree
 (C:\Users\Usuario\AppData\Roaming\MiKTeX\tex/generic/dirtree\dirtree.tex `dirtree' v0.32, 2012/12/11 (jcc)
\DT@offset=\dimen302
\DT@width=\dimen303
\DT@sep=\dimen304
\DT@all=\dimen305
\DT@rulewidth=\dimen306
\DT@dotwidth=\dimen307
\DTbaselineskip=\dimen308
\DT@counti=\count481
\DT@countii=\count482
\DT@countiii=\count483
\DT@countiv=\count484
\DT@indent=\dimen309
\DT@parskip=\dimen310
\DT@baselineskip=\dimen311
)
File: dirtree.tex 2012/12/11 v0.32 `dirtree' (jcc)
) (C:\Users\Usuario\AppData\Roaming\MiKTeX\tex/latex/caption\subcaption.sty
Package: subcaption 2023/07/28 v1.6b Sub-captions (AR)
Package caption Info: New subtype `subfigure' on input line 238.
\c@subfigure=\count485
Package caption Info: New subtype `subtable' on input line 238.
\c@subtable=\count486
) (C:\Users\Usuario\AppData\Roaming\MiKTeX\tex/latex/mathtools\mathtools.sty
Package: mathtools 2024/10/04 v1.31 mathematical typesetting tools
 (C:\Users\Usuario\AppData\Roaming\MiKTeX\tex/latex/mathtools\mhsetup.sty
Package: mhsetup 2021/03/18 v1.4 programming setup (MH)
)
\g_MT_multlinerow_int=\count487
\l_MT_multwidth_dim=\dimen312
\origjot=\skip108
\l_MT_shortvdotswithinadjustabove_dim=\dimen313
\l_MT_shortvdotswithinadjustbelow_dim=\dimen314
\l_MT_above_intertext_sep=\dimen315
\l_MT_below_intertext_sep=\dimen316
\l_MT_above_shortintertext_sep=\dimen317
\l_MT_below_shortintertext_sep=\dimen318
\xmathstrut@box=\box76
\xmathstrut@dim=\dimen319
) (C:\Users\Usuario\AppData\Roaming\MiKTeX\tex/latex/multirow\multirow.sty
Package: multirow 2024/11/12 v2.9 Span multiple rows of a table
\multirow@colwidth=\skip109
\multirow@cntb=\count488
\multirow@dima=\skip110
\bigstrutjot=\dimen320
) (C:\Users\Usuario\AppData\Roaming\MiKTeX\tex/latex/algpseudocodex\algpseudocodex.sty
Package: algpseudocodex 2023-04-17 v1.1.2 pseudocode typesetting
 (C:\Users\Usuario\AppData\Roaming\MiKTeX\tex/latex/algorithmicx\algorithmicx.sty
Package: algorithmicx 2005/04/27 v1.2 Algorithmicx

Document Style algorithmicx 1.2 - a greatly improved `algorithmic' style
\c@ALG@line=\count489
\c@ALG@rem=\count490
\c@ALG@nested=\count491
\ALG@tlm=\skip111
\ALG@thistlm=\skip112
\c@ALG@Lnr=\count492
\c@ALG@blocknr=\count493
\c@ALG@storecount=\count494
\c@ALG@tmpcounter=\count495
\ALG@tmplength=\skip113
) (C:\Users\Usuario\AppData\Roaming\MiKTeX\tex/latex/fifo-stack\fifo-stack.sty
Package: fifo-stack 2014/03/24 v1.0 Multi-FIFO/stack system
\tmp@fifo@stack@top=\count496
\tmp@fifo@stack@bottom=\count497
\tmp@fifo@stack@size=\count498
) (C:\Users\Usuario\AppData\Roaming\MiKTeX\tex/latex/varwidth\varwidth.sty
Package: varwidth 2009/03/30 ver 0.92;  Variable-width minipages
\@vwid@box=\box77
\sift@deathcycles=\count499
\@vwid@loff=\dimen321
\@vwid@roff=\dimen322
) (C:\Users\Usuario\AppData\Roaming\MiKTeX\tex/latex/tabto-ltx\tabto.sty
Package: tabto 2018/12/28  v 1.4  Another tabbing mechanism
\CurrentLineWidth=\dimen323
\TabPrevPos=\dimen324
) (C:\Users\Usuario\AppData\Roaming\MiKTeX\tex/latex/totcount\totcount.sty
Package: totcount 2011/01/25 v1.2 package for gettingthe total value of LaTeX counters
) (C:\Program Files\MiKTeX\tex/generic/pgf/frontendlayer/tikz/libraries\tikzlibrarycalc.code.tex
File: tikzlibrarycalc.code.tex 2023-01-15 v3.1.10 (3.1.10)
) (C:\Program Files\MiKTeX\tex/generic/pgf/frontendlayer/tikz/libraries\tikzlibraryfit.code.tex
File: tikzlibraryfit.code.tex 2023-01-15 v3.1.10 (3.1.10)
) (C:\Users\Usuario\AppData\Roaming\MiKTeX\tex/latex/tikzmark\tikzlibrarytikzmark.code.tex
File: tikzlibrarytikzmark.code.tex 2022/08/24 v1.15 TikZ library for marking positions in a document
 (C:\Program Files\MiKTeX\tex/latex/l3packages/l3keys2e\l3keys2e.sty
Package: l3keys2e 2023-10-10 LaTeX2e option processing using LaTeX3 keys
)
\l__sn_x_dim=\dimen325
\l__sn_y_dim=\dimen326
\l__sn_xa_dim=\dimen327
\l__sn_ya_dim=\dimen328
)
\algpx@codeBoxInnerSep=\skip114
\algpx@codeBoxSep=\skip115
\algpx@codeBoxOuterSep=\skip116
\algpx@indShiftX=\skip117
\algpx@indStartShiftY=\skip118
\algpx@indEndShiftY=\skip119
\algpx@indXLineLength=\skip120
\algpx@minIndDist=\skip121
\algpx@oldPos=\skip122
\algpx@newPos=\skip123
\algpx@tmpLen=\skip124
\algpx@currentLineskiplimit=\skip125
\algpx@currentLineskip=\skip126
\algpx@indStartY=\skip127
\algpx@indEndY=\skip128
\algpx@indStartX=\skip129
\algpx@extraShiftX=\skip130
\algpx@minTopPageHeight=\skip131
\algpx@minBotPageDepth=\skip132
\c@algpx@codeBoxCount=\count500
\c@algpx@nestedCBoxCount=\count501
\c@algpx@startedBoxesCount=\count502
\c@algpx@endedBoxesCount=\count503
\c@algpx@nestedBoxedStringCount=\count504
\c@algpx@nestedBoxedStringMaxCount=\count505
\c@algpx@indentCount=\count506
\c@algpx@lastIndentEnded=\count507
\c@algpx@pageCount=\count508
\c@algpx@tmpCount=\count509
\algpx@boxedStringBox=\box78
) (C:\Users\Usuario\AppData\Roaming\MiKTeX\tex/latex/algorithms\algorithm.sty
Package: algorithm 2009/08/24 v0.1 Document Style `algorithm' - floating environment
\@float@every@algorithm=\toks57
\c@algorithm=\count510
) (C:\Program Files\MiKTeX\tex/latex/listings\listings.sty
\lst@mode=\count511
\lst@gtempboxa=\box79
\lst@token=\toks58
\lst@length=\count512
\lst@currlwidth=\dimen329
\lst@column=\count513
\lst@pos=\count514
\lst@lostspace=\dimen330
\lst@width=\dimen331
\lst@newlines=\count515
\lst@lineno=\count516
\lst@maxwidth=\dimen332
 (C:\Program Files\MiKTeX\tex/latex/listings\lstmisc.sty
File: lstmisc.sty 2023/02/27 1.9 (Carsten Heinz)
\c@lstnumber=\count517
\lst@skipnumbers=\count518
\lst@framebox=\box80
) (C:\Program Files\MiKTeX\tex/latex/listings\listings.cfg
File: listings.cfg 2023/02/27 1.9 listings configuration
))
Package: listings 2023/02/27 1.9 (Carsten Heinz)
 (C:\Users\Usuario\AppData\Roaming\MiKTeX\tex/latex/bytefield\bytefield.sty
Package: bytefield 2023/09/24 v2.8 Network protocol diagrams
\bytefield@height=\skip133
\bytefield@height@increment=\skip134
\entire@bytefield@picture=\box81
\bf@bitwidth=\skip135
\bf@bitheight=\skip136
\units@wide=\skip137
\units@tall=\skip138
\units@high=\skip139
\header@xpos=\skip140
\c@header@val=\count519
\c@max@header@val=\count520
\curly@box=\box82
\wordlabelr@start=\skip141
\wordlabelr@end=\skip142
\wordlabell@start=\skip143
\wordlabell@end=\skip144
\total@lbox@width=\skip145
\label@box@width=\skip146
\label@box@height=\skip147
\word@label@box=\box83
) (C:\Users\Usuario\AppData\Roaming\MiKTeX\tex/latex/makecell\makecell.sty
Package: makecell 2009/08/03 V0.1e Managing of Tab Column Heads and Cells
 (C:\Program Files\MiKTeX\tex/latex/tools\array.sty
Package: array 2023/10/16 v2.5g Tabular extension package (FMi)
\col@sep=\dimen333
\ar@mcellbox=\box84
\extrarowheight=\dimen334
\NC@list=\toks59
\extratabsurround=\skip148
\backup@length=\skip149
\ar@cellbox=\box85
)
\rotheadsize=\dimen335
\c@nlinenum=\count521
\TeXr@lab=\toks60
) (C:\Users\Usuario\AppData\Roaming\MiKTeX\tex/latex/psnfss\mathpazo.sty
Package: mathpazo 2020/03/25 PSNFSS-v9.3 Palatino w/ Pazo Math (D.Puga, WaS) 
\symupright=\mathgroup4
) (glosary.tex) (C:\Program Files\MiKTeX\tex/latex/listings\lstlang1.sty
File: lstlang1.sty 2023/02/27 1.9 listings language file
) (C:\Program Files\MiKTeX\tex/latex/listings\lstlang1.sty
File: lstlang1.sty 2023/02/27 1.9 listings language file
) (C:\Program Files\MiKTeX\tex/latex/listings\lstmisc.sty
File: lstmisc.sty 2023/02/27 1.9 (Carsten Heinz)
))
Package csquotes Info: Checking for multilingual support...
Package csquotes Info: ... found 'babel' package.
Package csquotes Info: Adjusting default style.
Package csquotes Info: Redefining alias 'default' -> 'english'.
LaTeX Font Info:    Trying to load font information for OT1+ppl on input line 8.
 (C:\Users\Usuario\AppData\Roaming\MiKTeX\tex/latex/psnfss\ot1ppl.fd
File: ot1ppl.fd 2001/06/04 font definitions for OT1/ppl.
) (d:\Escritorio\UPM\IoT\Architecture\Architectures-Memory\out\ArchServicesMemory.aux (d:\Escritorio\UPM\IoT\Architecture\Architectures-Memory\out\includes/acro.aux) (d:\Escritorio\UPM\IoT\Architecture\Architectures-Memory\out\includes/introduction.aux) (d:\Escritorio\UPM\IoT\Architecture\Architectures-Memory\out\includes/sysdescrip.aux) (d:\Escritorio\UPM\IoT\Architecture\Architectures-Memory\out\includes/scope.aux) (d:\Escritorio\UPM\IoT\Architecture\Architectures-Memory\out\includes/sota.aux) (d:\Escritorio\UPM\IoT\Architecture\Architectures-Memory\out\includes/requirements.aux) (d:\Escritorio\UPM\IoT\Architecture\Architectures-Memory\out\includes/views.aux) (d:\Escritorio\UPM\IoT\Architecture\Architectures-Memory\out\includes/architecture.aux) (d:\Escritorio\UPM\IoT\Architecture\Architectures-Memory\out\includes/implementation.aux) (d:\Escritorio\UPM\IoT\Architecture\Architectures-Memory\out\includes/testing.aux) (d:\Escritorio\UPM\IoT\Architecture\Architectures-Memory\out\includes/validation.aux) (d:\Escritorio\UPM\IoT\Architecture\Architectures-Memory\out\includes/conclusions.aux) (d:\Escritorio\UPM\IoT\Architecture\Architectures-Memory\out\includes/appendices.aux))
\openout1 = `ArchServicesMemory.aux'.

LaTeX Font Info:    Checking defaults for OML/cmm/m/it on input line 8.
LaTeX Font Info:    ... okay on input line 8.
LaTeX Font Info:    Checking defaults for OMS/cmsy/m/n on input line 8.
LaTeX Font Info:    ... okay on input line 8.
LaTeX Font Info:    Checking defaults for OT1/cmr/m/n on input line 8.
LaTeX Font Info:    ... okay on input line 8.
LaTeX Font Info:    Checking defaults for T1/cmr/m/n on input line 8.
LaTeX Font Info:    ... okay on input line 8.
LaTeX Font Info:    Checking defaults for TS1/cmr/m/n on input line 8.
LaTeX Font Info:    ... okay on input line 8.
LaTeX Font Info:    Checking defaults for OMX/cmex/m/n on input line 8.
LaTeX Font Info:    ... okay on input line 8.
LaTeX Font Info:    Checking defaults for U/cmr/m/n on input line 8.
LaTeX Font Info:    ... okay on input line 8.
LaTeX Font Info:    Checking defaults for PD1/pdf/m/n on input line 8.
LaTeX Font Info:    ... okay on input line 8.
LaTeX Font Info:    Checking defaults for PU/pdf/m/n on input line 8.
LaTeX Font Info:    ... okay on input line 8.
Package biblatex Info: Trying to load language 'english'...
Package biblatex Info: ... file 'english.lbx' found.
 (C:\Program Files\MiKTeX\tex/latex/biblatex/lbx\english.lbx
File: english.lbx 2023/03/05 v3.19 biblatex localization (PK/MW)
)
Package biblatex Info: Input encoding 'utf8' detected.
Package biblatex Info: Automatic encoding selection.
(biblatex)             Assuming data encoding 'utf8'.
\openout3 = `ArchServicesMemory.bcf'.

Package biblatex Info: Trying to load bibliographic data...
Package biblatex Info: ... file 'ArchServicesMemory.bbl' found.
 (d:\Escritorio\UPM\IoT\Architecture\Architectures-Memory\out\ArchServicesMemory.bbl)
Package biblatex Info: Reference section=0 on input line 8.
Package biblatex Info: Reference segment=0 on input line 8.

*geometry* driver: auto-detecting
*geometry* detected driver: pdftex
*geometry* verbose mode - [ preamble ] result:
* driver: pdftex
* paper: a4paper
* layout: <same size as paper>
* layoutoffset:(h,v)=(0.0pt,0.0pt)
* modes: 
* h-part:(L,W,R)=(56.9055pt, 483.69687pt, 56.9055pt)
* v-part:(T,H,B)=(71.13188pt, 702.78308pt, 71.13188pt)
* \paperwidth=597.50787pt
* \paperheight=845.04684pt
* \textwidth=483.69687pt
* \textheight=702.78308pt
* \oddsidemargin=-15.36449pt
* \evensidemargin=-15.36449pt
* \topmargin=-38.1381pt
* \headheight=13.07225pt
* \headsep=25.0pt
* \topskip=12.0pt
* \footskip=30.0pt
* \marginparwidth=35.0pt
* \marginparsep=10.0pt
* \columnsep=10.0pt
* \skip\footins=10.8pt plus 4.0pt minus 2.0pt
* \hoffset=0.0pt
* \voffset=0.0pt
* \mag=1000
* \@twocolumnfalse
* \@twosidefalse
* \@mparswitchfalse
* \@reversemarginfalse
* (1in=72.27pt=25.4mm, 1cm=28.453pt)

Package caption Info: Begin \AtBeginDocument code.
Package caption Info: hyperref package is loaded.
Package caption Info: listings package is loaded.
Package caption Info: longtable package is loaded.
(C:\Users\Usuario\AppData\Roaming\MiKTeX\tex/latex/caption\ltcaption.sty
Package: ltcaption 2021/01/08 v1.4c longtable captions (AR)
)
Package caption Info: supertabular package is loaded.
Package caption Info: End \AtBeginDocument code.
 (C:\Program Files\MiKTeX\tex/context/base/mkii\supp-pdf.mkii
[Loading MPS to PDF converter (version 2006.09.02).]
\scratchcounter=\count522
\scratchdimen=\dimen336
\scratchbox=\box86
\nofMPsegments=\count523
\nofMParguments=\count524
\everyMPshowfont=\toks61
\MPscratchCnt=\count525
\MPscratchDim=\dimen337
\MPnumerator=\count526
\makeMPintoPDFobject=\count527
\everyMPtoPDFconversion=\toks62
) (C:\Program Files\MiKTeX\tex/latex/epstopdf-pkg\epstopdf-base.sty
Package: epstopdf-base 2020-01-24 v2.11 Base part for package epstopdf
Package epstopdf-base Info: Redefining graphics rule for `.eps' on input line 485.
 (C:\Program Files\MiKTeX\tex/latex/00miktex\epstopdf-sys.cfg
File: epstopdf-sys.cfg 2021/03/18 v2.0 Configuration of epstopdf for MiKTeX
)) (C:\Users\Usuario\AppData\Roaming\MiKTeX\tex/latex/pdflscape\pdflscape.sty
Package: pdflscape 2022-10-27 v0.13 Display of landscape pages in PDF
 (C:\Users\Usuario\AppData\Roaming\MiKTeX\tex/latex/pdflscape\pdflscape-nometadata.sty
Package: pdflscape-nometadata 2022-10-28 v0.13 Display of landscape pages in PDF (HO)
 (C:\Program Files\MiKTeX\tex/latex/graphics\lscape.sty
Package: lscape 2020/05/28 v3.02 Landscape Pages (DPC)
)
Package pdflscape Info: Auto-detected driver: pdftex on input line 81.
))
Package hyperref Info: Link coloring OFF on input line 8.
 (d:\Escritorio\UPM\IoT\Architecture\Architectures-Memory\out\ArchServicesMemory.out) (d:\Escritorio\UPM\IoT\Architecture\Architectures-Memory\out\ArchServicesMemory.out)
\@outlinefile=\write5
\openout5 = `ArchServicesMemory.out'.



Package todonotes Warning: The length marginparwidth is less than 2cm and will most likely cause issues with the appearance of inserted todonotes. The issue can be solved by adding a line like \setlength {\marginparwidth }{2cm} prior to loading the todonotes package. on input line 8.

\c@lstlisting=\count528

Underfull \hbox (badness 10000) in paragraph at lines 29--29

 []

<images/logo2.png, id=138, 770.88pt x 770.88pt>
File: images/logo2.png Graphic file (type png)
<use images/logo2.png>
Package pdftex.def Info: images/logo2.png  used on input line 29.
(pdftex.def)             Requested size: 290.22107pt x 290.22028pt.

Underfull \hbox (badness 10000) in paragraph at lines 29--29

 []

[1

{C:/Users/Usuario/AppData/Local/MiKTeX/fonts/map/pdftex/pdftex.map}{C:/Program Files/MiKTeX/fonts/enc/dvips/base/8r.enc} <./images/logo2.png>] (d:\Escritorio\UPM\IoT\Architecture\Architectures-Memory\out\ArchServicesMemory.toc
LaTeX Font Info:    Trying to load font information for OML+zplm on input line 6.
 (C:\Users\Usuario\AppData\Roaming\MiKTeX\tex/latex/psnfss\omlzplm.fd
File: omlzplm.fd 2002/09/08 Fontinst v1.914 font definitions for OML/zplm.
)
LaTeX Font Info:    Trying to load font information for OMS+zplm on input line 6.
 (C:\Users\Usuario\AppData\Roaming\MiKTeX\tex/latex/psnfss\omszplm.fd
File: omszplm.fd 2002/09/08 Fontinst v1.914 font definitions for OMS/zplm.
)
LaTeX Font Info:    Trying to load font information for OMX+zplm on input line 6.
 (C:\Users\Usuario\AppData\Roaming\MiKTeX\tex/latex/psnfss\omxzplm.fd
File: omxzplm.fd 2002/09/08 Fontinst v1.914 font definitions for OMX/zplm.
)
LaTeX Font Info:    Trying to load font information for OT1+zplm on input line 6.
 (C:\Users\Usuario\AppData\Roaming\MiKTeX\tex/latex/psnfss\ot1zplm.fd
File: ot1zplm.fd 2002/09/08 Fontinst v1.914 font definitions for OT1/zplm.
))
\tf@toc=\write6
\openout6 = `ArchServicesMemory.toc'.



Package fancyhdr Warning: \headheight is too small (13.07225pt): 
(fancyhdr)                Make it at least 14.49998pt, for example:
(fancyhdr)                \setlength{\headheight}{14.49998pt}.
(fancyhdr)                You might also make \topmargin smaller:
(fancyhdr)                \addtolength{\topmargin}{-1.42773pt}.

[1

] (d:\Escritorio\UPM\IoT\Architecture\Architectures-Memory\out\ArchServicesMemory.lof)
\tf@lof=\write7
\openout7 = `ArchServicesMemory.lof'.

 (d:\Escritorio\UPM\IoT\Architecture\Architectures-Memory\out\ArchServicesMemory.lot)
\tf@lot=\write8
\openout8 = `ArchServicesMemory.lot'.



Package fancyhdr Warning: \headheight is too small (13.07225pt): 
(fancyhdr)                Make it at least 14.49998pt, for example:
(fancyhdr)                \setlength{\headheight}{14.49998pt}.
(fancyhdr)                You might also make \topmargin smaller:
(fancyhdr)                \addtolength{\topmargin}{-1.42773pt}.

[2

]

Package fancyhdr Warning: \headheight is too small (13.07225pt): 
(fancyhdr)                Make it at least 14.49998pt, for example:
(fancyhdr)                \setlength{\headheight}{14.49998pt}.
(fancyhdr)                You might also make \topmargin smaller:
(fancyhdr)                \addtolength{\topmargin}{-1.42773pt}.

[3]
\openout2 = `includes/acro.aux'.

 (includes/acro.tex
Using TeX to sort glossary entries---this may take a while
)

Package fancyhdr Warning: \headheight is too small (13.07225pt): 
(fancyhdr)                Make it at least 14.49998pt, for example:
(fancyhdr)                \setlength{\headheight}{14.49998pt}.
(fancyhdr)                You might also make \topmargin smaller:
(fancyhdr)                \addtolength{\topmargin}{-1.42773pt}.

[4


]
\openout2 = `includes/introduction.aux'.

 (includes/introduction.tex)

Package fancyhdr Warning: \headheight is too small (13.07225pt): 
(fancyhdr)                Make it at least 14.49998pt, for example:
(fancyhdr)                \setlength{\headheight}{14.49998pt}.
(fancyhdr)                You might also make \topmargin smaller:
(fancyhdr)                \addtolength{\topmargin}{-1.42773pt}.


pdfTeX warning (ext4): destination with the same identifier (name{page.1}) has been already used, duplicate ignored
<to be read again> 
                   \relax 
l.50 \include{includes/introduction.tex}
                                         [1




]
\openout2 = `includes/sysdescrip.aux'.

 (includes/sysdescrip.tex
LaTeX Font Info:    Trying to load font information for TS1+ppl on input line 6.
 (C:\Users\Usuario\AppData\Roaming\MiKTeX\tex/latex/psnfss\ts1ppl.fd
File: ts1ppl.fd 2001/06/04 font definitions for TS1/ppl.
))

Package fancyhdr Warning: \headheight is too small (13.07225pt): 
(fancyhdr)                Make it at least 14.49998pt, for example:
(fancyhdr)                \setlength{\headheight}{14.49998pt}.
(fancyhdr)                You might also make \topmargin smaller:
(fancyhdr)                \addtolength{\topmargin}{-1.42773pt}.

[2




]
\openout2 = `includes/scope.aux'.

 (includes/scope.tex)

Package fancyhdr Warning: \headheight is too small (13.07225pt): 
(fancyhdr)                Make it at least 14.49998pt, for example:
(fancyhdr)                \setlength{\headheight}{14.49998pt}.
(fancyhdr)                You might also make \topmargin smaller:
(fancyhdr)                \addtolength{\topmargin}{-1.42773pt}.

[3




]
\openout2 = `includes/sota.aux'.

 (includes/sota.tex

Package fancyhdr Warning: \headheight is too small (13.07225pt): 
(fancyhdr)                Make it at least 14.49998pt, for example:
(fancyhdr)                \setlength{\headheight}{14.49998pt}.
(fancyhdr)                You might also make \topmargin smaller:
(fancyhdr)                \addtolength{\topmargin}{-1.42773pt}.

[4




]
Underfull \hbox (badness 10000) in paragraph at lines 78--78
[]|\OT1/ppl/m/n/12 Licensed
 []


Underfull \hbox (badness 10000) in paragraph at lines 80--80
[]|\OT1/ppl/m/n/12 Data
 []


Overfull \hbox (12.0273pt too wide) in paragraph at lines 72--85
 [] 
 []


Package fancyhdr Warning: \headheight is too small (13.07225pt): 
(fancyhdr)                Make it at least 14.49998pt, for example:
(fancyhdr)                \setlength{\headheight}{14.49998pt}.
(fancyhdr)                You might also make \topmargin smaller:
(fancyhdr)                \addtolength{\topmargin}{-1.42773pt}.

[5]

Package fancyhdr Warning: \headheight is too small (13.07225pt): 
(fancyhdr)                Make it at least 14.49998pt, for example:
(fancyhdr)                \setlength{\headheight}{14.49998pt}.
(fancyhdr)                You might also make \topmargin smaller:
(fancyhdr)                \addtolength{\topmargin}{-1.42773pt}.

[6]

Package fancyhdr Warning: \headheight is too small (13.07225pt): 
(fancyhdr)                Make it at least 14.49998pt, for example:
(fancyhdr)                \setlength{\headheight}{14.49998pt}.
(fancyhdr)                You might also make \topmargin smaller:
(fancyhdr)                \addtolength{\topmargin}{-1.42773pt}.

[7]
<./images/4/MEC.png, id=429, 225.09094pt x 374.14781pt>
File: ./images/4/MEC.png Graphic file (type png)
<use ./images/4/MEC.png>
Package pdftex.def Info: ./images/4/MEC.png  used on input line 172.
(pdftex.def)             Requested size: 145.11053pt x 241.21214pt.
)

Package fancyhdr Warning: \headheight is too small (13.07225pt): 
(fancyhdr)                Make it at least 14.49998pt, for example:
(fancyhdr)                \setlength{\headheight}{14.49998pt}.
(fancyhdr)                You might also make \topmargin smaller:
(fancyhdr)                \addtolength{\topmargin}{-1.42773pt}.

[8

 <./images/4/MEC.png>]
\openout2 = `includes/requirements.aux'.

 (includes/requirements.tex

Package fancyhdr Warning: \headheight is too small (13.07225pt): 
(fancyhdr)                Make it at least 14.49998pt, for example:
(fancyhdr)                \setlength{\headheight}{14.49998pt}.
(fancyhdr)                You might also make \topmargin smaller:
(fancyhdr)                \addtolength{\topmargin}{-1.42773pt}.

[9




]

Package fancyhdr Warning: \headheight is too small (13.07225pt): 
(fancyhdr)                Make it at least 14.49998pt, for example:
(fancyhdr)                \setlength{\headheight}{14.49998pt}.
(fancyhdr)                You might also make \topmargin smaller:
(fancyhdr)                \addtolength{\topmargin}{-1.42773pt}.

[10]

Package fancyhdr Warning: \headheight is too small (13.07225pt): 
(fancyhdr)                Make it at least 14.49998pt, for example:
(fancyhdr)                \setlength{\headheight}{14.49998pt}.
(fancyhdr)                You might also make \topmargin smaller:
(fancyhdr)                \addtolength{\topmargin}{-1.42773pt}.

[11

]
Overfull \vbox (23.01613pt too high) has occurred while \output is active []



Package fancyhdr Warning: \headheight is too small (13.07225pt): 
(fancyhdr)                Make it at least 14.49998pt, for example:
(fancyhdr)                \setlength{\headheight}{14.49998pt}.
(fancyhdr)                You might also make \topmargin smaller:
(fancyhdr)                \addtolength{\topmargin}{-1.42773pt}.

[12]

Package fancyhdr Warning: \headheight is too small (13.07225pt): 
(fancyhdr)                Make it at least 14.49998pt, for example:
(fancyhdr)                \setlength{\headheight}{14.49998pt}.
(fancyhdr)                You might also make \topmargin smaller:
(fancyhdr)                \addtolength{\topmargin}{-1.42773pt}.

[13])

Package fancyhdr Warning: \headheight is too small (13.07225pt): 
(fancyhdr)                Make it at least 14.49998pt, for example:
(fancyhdr)                \setlength{\headheight}{14.49998pt}.
(fancyhdr)                You might also make \topmargin smaller:
(fancyhdr)                \addtolength{\topmargin}{-1.42773pt}.

[14

]

Package fancyhdr Warning: \headheight is too small (13.07225pt): 
(fancyhdr)                Make it at least 14.49998pt, for example:
(fancyhdr)                \setlength{\headheight}{14.49998pt}.
(fancyhdr)                You might also make \topmargin smaller:
(fancyhdr)                \addtolength{\topmargin}{-1.42773pt}.

[15]
\openout2 = `includes/views.aux'.

 (includes/views.tex
<./images/6/alert_animal_uses.png, id=475, 637.38126pt x 738.76pt>
File: ./images/6/alert_animal_uses.png Graphic file (type png)
<use ./images/6/alert_animal_uses.png>
Package pdftex.def Info: ./images/6/alert_animal_uses.png  used on input line 29.
(pdftex.def)             Requested size: 386.95897pt x 448.50114pt.


Package fancyhdr Warning: \headheight is too small (13.07225pt): 
(fancyhdr)                Make it at least 14.49998pt, for example:
(fancyhdr)                \setlength{\headheight}{14.49998pt}.
(fancyhdr)                You might also make \topmargin smaller:
(fancyhdr)                \addtolength{\topmargin}{-1.42773pt}.

[16




]

Package fancyhdr Warning: \headheight is too small (13.07225pt): 
(fancyhdr)                Make it at least 14.49998pt, for example:
(fancyhdr)                \setlength{\headheight}{14.49998pt}.
(fancyhdr)                You might also make \topmargin smaller:
(fancyhdr)                \addtolength{\topmargin}{-1.42773pt}.

[17 <./images/6/alert_animal_uses.png>]
<./images/6/user_management_uses.png, id=489, 526.96875pt x 221.82875pt>
File: ./images/6/user_management_uses.png Graphic file (type png)
<use ./images/6/user_management_uses.png>
Package pdftex.def Info: ./images/6/user_management_uses.png  used on input line 55.
(pdftex.def)             Requested size: 459.51054pt x 193.443pt.
<./images/6/fire_uses.png, id=490, 631.35875pt x 844.15375pt>
File: ./images/6/fire_uses.png Graphic file (type png)
<use ./images/6/fire_uses.png>
Package pdftex.def Info: ./images/6/fire_uses.png  used on input line 79.
(pdftex.def)             Requested size: 474.02086pt x 633.79643pt.


Package fancyhdr Warning: \headheight is too small (13.07225pt): 
(fancyhdr)                Make it at least 14.49998pt, for example:
(fancyhdr)                \setlength{\headheight}{14.49998pt}.
(fancyhdr)                You might also make \topmargin smaller:
(fancyhdr)                \addtolength{\topmargin}{-1.42773pt}.

[18 <./images/6/user_management_uses.png>]

Package fancyhdr Warning: \headheight is too small (13.07225pt): 
(fancyhdr)                Make it at least 14.49998pt, for example:
(fancyhdr)                \setlength{\headheight}{14.49998pt}.
(fancyhdr)                You might also make \topmargin smaller:
(fancyhdr)                \addtolength{\topmargin}{-1.42773pt}.

[19 <./images/6/fire_uses.png>]
<./images/6/energy.png, id=512, 459.96844pt x 390.70969pt>
File: ./images/6/energy.png Graphic file (type png)
<use ./images/6/energy.png>
Package pdftex.def Info: ./images/6/energy.png  used on input line 105.
(pdftex.def)             Requested size: 377.28296pt x 320.49132pt.


Package fancyhdr Warning: \headheight is too small (13.07225pt): 
(fancyhdr)                Make it at least 14.49998pt, for example:
(fancyhdr)                \setlength{\headheight}{14.49998pt}.
(fancyhdr)                You might also make \topmargin smaller:
(fancyhdr)                \addtolength{\topmargin}{-1.42773pt}.

[20 <./images/6/energy.png>]
<./images/6/weather_uses.png, id=527, 633.36626pt x 202.7575pt>
File: ./images/6/weather_uses.png Graphic file (type png)
<use ./images/6/weather_uses.png>
Package pdftex.def Info: ./images/6/weather_uses.png  used on input line 128.
(pdftex.def)             Requested size: 459.51054pt x 147.10526pt.


Package fancyhdr Warning: \headheight is too small (13.07225pt): 
(fancyhdr)                Make it at least 14.49998pt, for example:
(fancyhdr)                \setlength{\headheight}{14.49998pt}.
(fancyhdr)                You might also make \topmargin smaller:
(fancyhdr)                \addtolength{\topmargin}{-1.42773pt}.

[21 <./images/6/weather_uses.png>]
<./images/6/ClassPIRSensor.png, id=541, 591.20876pt x 1188.44pt>
File: ./images/6/ClassPIRSensor.png Graphic file (type png)
<use ./images/6/ClassPIRSensor.png>
Package pdftex.def Info: ./images/6/ClassPIRSensor.png  used on input line 149.
(pdftex.def)             Requested size: 309.56569pt x 622.29016pt.


Package fancyhdr Warning: \headheight is too small (13.07225pt): 
(fancyhdr)                Make it at least 14.49998pt, for example:
(fancyhdr)                \setlength{\headheight}{14.49998pt}.
(fancyhdr)                You might also make \topmargin smaller:
(fancyhdr)                \addtolength{\topmargin}{-1.42773pt}.

[22

 <./images/6/ClassPIRSensor.png>]
<./images/6/PresenceSequence.png, id=546, 1068.24094pt x 523.20468pt>
File: ./images/6/PresenceSequence.png Graphic file (type png)
<use ./images/6/PresenceSequence.png>
Package pdftex.def Info: ./images/6/PresenceSequence.png  used on input line 162.
(pdftex.def)             Requested size: 483.69687pt x 236.90887pt.
<./images/6/FireHazard.png, id=547, 1017.04968pt x 520.94624pt>
File: ./images/6/FireHazard.png Graphic file (type png)
<use ./images/6/FireHazard.png>
Package pdftex.def Info: ./images/6/FireHazard.png  used on input line 170.
(pdftex.def)             Requested size: 483.69687pt x 247.7541pt.
<./images/6/SendCommandDashboard.png, id=548, 861.2175pt x 382.42876pt>
File: ./images/6/SendCommandDashboard.png Graphic file (type png)
<use ./images/6/SendCommandDashboard.png>
Package pdftex.def Info: ./images/6/SendCommandDashboard.png  used on input line 178.
(pdftex.def)             Requested size: 483.69687pt x 214.7947pt.


Package fancyhdr Warning: \headheight is too small (13.07225pt): 
(fancyhdr)                Make it at least 14.49998pt, for example:
(fancyhdr)                \setlength{\headheight}{14.49998pt}.
(fancyhdr)                You might also make \topmargin smaller:
(fancyhdr)                \addtolength{\topmargin}{-1.42773pt}.

[23 <./images/6/PresenceSequence.png> <./images/6/FireHazard.png>]
<./images/6/SendCommandApp.png, id=555, 861.2175pt x 522.95375pt>
File: ./images/6/SendCommandApp.png Graphic file (type png)
<use ./images/6/SendCommandApp.png>
Package pdftex.def Info: ./images/6/SendCommandApp.png  used on input line 186.
(pdftex.def)             Requested size: 483.69687pt x 293.72188pt.


Package fancyhdr Warning: \headheight is too small (13.07225pt): 
(fancyhdr)                Make it at least 14.49998pt, for example:
(fancyhdr)                \setlength{\headheight}{14.49998pt}.
(fancyhdr)                You might also make \topmargin smaller:
(fancyhdr)                \addtolength{\topmargin}{-1.42773pt}.

[24 <./images/6/SendCommandDashboard.png> <./images/6/SendCommandApp.png>]
<./images/6/ComponentesArchitecture.png, id=563, 714.9912pt x 558.888pt>
File: ./images/6/ComponentesArchitecture.png Graphic file (type png)
<use ./images/6/ComponentesArchitecture.png>
Package pdftex.def Info: ./images/6/ComponentesArchitecture.png  used on input line 196.
(pdftex.def)             Requested size: 483.69687pt x 378.09444pt.


Package fancyhdr Warning: \headheight is too small (13.07225pt): 
(fancyhdr)                Make it at least 14.49998pt, for example:
(fancyhdr)                \setlength{\headheight}{14.49998pt}.
(fancyhdr)                You might also make \topmargin smaller:
(fancyhdr)                \addtolength{\topmargin}{-1.42773pt}.

[25

 <./images/6/ComponentesArchitecture.png>]
<./images/6/Deployment.png, id=570, 820.7463pt x 680.0607pt>
File: ./images/6/Deployment.png Graphic file (type png)
<use ./images/6/Deployment.png>
Package pdftex.def Info: ./images/6/Deployment.png  used on input line 210.
(pdftex.def)             Requested size: 483.69687pt x 400.79651pt.
)

Package fancyhdr Warning: \headheight is too small (13.07225pt): 
(fancyhdr)                Make it at least 14.49998pt, for example:
(fancyhdr)                \setlength{\headheight}{14.49998pt}.
(fancyhdr)                You might also make \topmargin smaller:
(fancyhdr)                \addtolength{\topmargin}{-1.42773pt}.

[26

 <./images/6/Deployment.png>]
\openout2 = `includes/architecture.aux'.

 (includes/architecture.tex
<./images/7/generalArchitecture.png, id=578, 1114.1625pt x 485.815pt>
File: ./images/7/generalArchitecture.png Graphic file (type png)
<use ./images/7/generalArchitecture.png>
Package pdftex.def Info: ./images/7/generalArchitecture.png  used on input line 10.
(pdftex.def)             Requested size: 483.69687pt x 210.90527pt.
)

Package fancyhdr Warning: \headheight is too small (13.07225pt): 
(fancyhdr)                Make it at least 14.49998pt, for example:
(fancyhdr)                \setlength{\headheight}{14.49998pt}.
(fancyhdr)                You might also make \topmargin smaller:
(fancyhdr)                \addtolength{\topmargin}{-1.42773pt}.

[27




 <./images/7/generalArchitecture.png>]
\openout2 = `includes/implementation.aux'.

 (includes/implementation.tex

Package fancyhdr Warning: \headheight is too small (13.07225pt): 
(fancyhdr)                Make it at least 14.49998pt, for example:
(fancyhdr)                \setlength{\headheight}{14.49998pt}.
(fancyhdr)                You might also make \topmargin smaller:
(fancyhdr)                \addtolength{\topmargin}{-1.42773pt}.

[28




]
<./images/8/PIRNode.jpg, id=602, 670.00313pt x 835.62187pt>
File: ./images/8/PIRNode.jpg Graphic file (type jpg)
<use ./images/8/PIRNode.jpg>
Package pdftex.def Info: ./images/8/PIRNode.jpg  used on input line 46.
(pdftex.def)             Requested size: 411.14528pt x 512.77597pt.

Overfull \hbox (29.0791pt too wide) in paragraph at lines 46--47
 [][] 
 []


Package fancyhdr Warning: \headheight is too small (13.07225pt): 
(fancyhdr)                Make it at least 14.49998pt, for example:
(fancyhdr)                \setlength{\headheight}{14.49998pt}.
(fancyhdr)                You might also make \topmargin smaller:
(fancyhdr)                \addtolength{\topmargin}{-1.42773pt}.

[29 <./images/8/PIRNode.jpg>]
<./images/8/FENCENode.jpg, id=610, 536.0025pt x 1332.47812pt>
File: ./images/8/FENCENode.jpg Graphic file (type jpg)
<use ./images/8/FENCENode.jpg>
Package pdftex.def Info: ./images/8/FENCENode.jpg  used on input line 59.
(pdftex.def)             Requested size: 193.47578pt x 480.97267pt.
<./images/8/NodesSchematic.PNG, id=612, 986.9372pt x 557.83406pt>
File: ./images/8/NodesSchematic.PNG Graphic file (type png)
<use ./images/8/NodesSchematic.PNG>
Package pdftex.def Info: ./images/8/NodesSchematic.PNG  used on input line 83.
(pdftex.def)             Requested size: 483.69687pt x 273.40065pt.


Package fancyhdr Warning: \headheight is too small (13.07225pt): 
(fancyhdr)                Make it at least 14.49998pt, for example:
(fancyhdr)                \setlength{\headheight}{14.49998pt}.
(fancyhdr)                You might also make \topmargin smaller:
(fancyhdr)                \addtolength{\topmargin}{-1.42773pt}.

[30

 <./images/8/FENCENode.jpg>]

Package fancyhdr Warning: \headheight is too small (13.07225pt): 
(fancyhdr)                Make it at least 14.49998pt, for example:
(fancyhdr)                \setlength{\headheight}{14.49998pt}.
(fancyhdr)                You might also make \topmargin smaller:
(fancyhdr)                \addtolength{\topmargin}{-1.42773pt}.

[31 <./images/8/NodesSchematic.PNG>]
<./images/8/jsonParsed.PNG, id=624, 335.00156pt x 323.70938pt>
File: ./images/8/jsonParsed.PNG Graphic file (type png)
<use ./images/8/jsonParsed.PNG>
Package pdftex.def Info: ./images/8/jsonParsed.PNG  used on input line 122.
(pdftex.def)             Requested size: 290.22107pt x 280.4345pt.


Package fancyhdr Warning: \headheight is too small (13.07225pt): 
(fancyhdr)                Make it at least 14.49998pt, for example:
(fancyhdr)                \setlength{\headheight}{14.49998pt}.
(fancyhdr)                You might also make \topmargin smaller:
(fancyhdr)                \addtolength{\topmargin}{-1.42773pt}.

[32 <./images/8/jsonParsed.PNG>]
Package hyperref Info: bookmark level for unknown lstlisting defaults to 0 on input line 155.
 (code/presence.c
LaTeX Font Info:    Font shape `OT1/cmtt/bx/n' in size <12> not available
(Font)              Font shape `OT1/cmtt/m/n' tried instead on input line 1.
)

Package fancyhdr Warning: \headheight is too small (13.07225pt): 
(fancyhdr)                Make it at least 14.49998pt, for example:
(fancyhdr)                \setlength{\headheight}{14.49998pt}.
(fancyhdr)                You might also make \topmargin smaller:
(fancyhdr)                \addtolength{\topmargin}{-1.42773pt}.

[33]
<./images/8/PirNodeAnalyzer.PNG, id=650, 1181.16281pt x 897.3525pt>
File: ./images/8/PirNodeAnalyzer.PNG Graphic file (type png)
<use ./images/8/PirNodeAnalyzer.PNG>
Package pdftex.def Info: ./images/8/PirNodeAnalyzer.PNG  used on input line 210.
(pdftex.def)             Requested size: 677.17265pt x 514.4675pt.

Overfull \hbox (30.77063pt too wide) in paragraph at lines 210--211
 [][] 
 []


Package fancyhdr Warning: \headheight is too small (13.07225pt): 
(fancyhdr)                Make it at least 14.49998pt, for example:
(fancyhdr)                \setlength{\headheight}{14.49998pt}.
(fancyhdr)                You might also make \topmargin smaller:
(fancyhdr)                \addtolength{\topmargin}{-1.42773pt}.

[34]

Package fancyhdr Warning: \headheight is too small (13.07225pt): 
(fancyhdr)                Make it at least 14.49998pt, for example:
(fancyhdr)                \setlength{\headheight}{14.49998pt}.
(fancyhdr)                You might also make \topmargin smaller:
(fancyhdr)                \addtolength{\topmargin}{-1.42773pt}.

[35 <./images/8/PirNodeAnalyzer.PNG>]
<./images/8/FenceNodeAnalyzer.PNG, id=661, 1491.32156pt x 508.14844pt>
File: ./images/8/FenceNodeAnalyzer.PNG Graphic file (type png)
<use ./images/8/FenceNodeAnalyzer.PNG>
Package pdftex.def Info: ./images/8/FenceNodeAnalyzer.PNG  used on input line 222.
(pdftex.def)             Requested size: 483.69687pt x 164.81287pt.
Package hyperref Info: bookmark level for unknown todo defaults to 0 on input line 230.

Overfull \hbox (29.49997pt too wide) in paragraph at lines 230--230
[] 
 []


Package fancyhdr Warning: \headheight is too small (13.07225pt): 
(fancyhdr)                Make it at least 14.49998pt, for example:
(fancyhdr)                \setlength{\headheight}{14.49998pt}.
(fancyhdr)                You might also make \topmargin smaller:
(fancyhdr)                \addtolength{\topmargin}{-1.42773pt}.

[36 <./images/8/FenceNodeAnalyzer.PNG>]
<./images/8/MapDashboard.png, id=669, 1232.35406pt x 689.57625pt>
File: ./images/8/MapDashboard.png Graphic file (type png)
<use ./images/8/MapDashboard.png>
Package pdftex.def Info: ./images/8/MapDashboard.png  used on input line 276.
(pdftex.def)             Requested size: 483.69687pt x 270.64874pt.


Package fancyhdr Warning: \headheight is too small (13.07225pt): 
(fancyhdr)                Make it at least 14.49998pt, for example:
(fancyhdr)                \setlength{\headheight}{14.49998pt}.
(fancyhdr)                You might also make \topmargin smaller:
(fancyhdr)                \addtolength{\topmargin}{-1.42773pt}.

[37 <./images/8/MapDashboard.png>]
<./images/8/NodeDashboard.png, id=676, 1235.36531pt x 694.09312pt>
File: ./images/8/NodeDashboard.png Graphic file (type png)
<use ./images/8/NodeDashboard.png>
Package pdftex.def Info: ./images/8/NodeDashboard.png  used on input line 287.
(pdftex.def)             Requested size: 483.69687pt x 271.76492pt.


Package fancyhdr Warning: \headheight is too small (13.07225pt): 
(fancyhdr)                Make it at least 14.49998pt, for example:
(fancyhdr)                \setlength{\headheight}{14.49998pt}.
(fancyhdr)                You might also make \topmargin smaller:
(fancyhdr)                \addtolength{\topmargin}{-1.42773pt}.

[38

 <./images/8/NodeDashboard.png>]
<./images/8/speaker.png, id=687, 224.33812pt x 15.05624pt>
File: ./images/8/speaker.png Graphic file (type png)
<use ./images/8/speaker.png>
Package pdftex.def Info: ./images/8/speaker.png  used on input line 305.
(pdftex.def)             Requested size: 290.22107pt x 19.48006pt.
<./images/8/getStateRPC.png, id=689, 219.06844pt x 48.18pt>
File: ./images/8/getStateRPC.png Graphic file (type png)
<use ./images/8/getStateRPC.png>
Package pdftex.def Info: ./images/8/getStateRPC.png  used on input line 314.
(pdftex.def)             Requested size: 290.22107pt x 63.83006pt.
<./images/8/getStateRPCResponse.png, id=690, 219.06844pt x 44.41594pt>
File: ./images/8/getStateRPCResponse.png Graphic file (type png)
<use ./images/8/getStateRPCResponse.png>
Package pdftex.def Info: ./images/8/getStateRPCResponse.png  used on input line 321.
(pdftex.def)             Requested size: 290.22107pt x 58.84335pt.
<./images/8/setState.png, id=691, 220.57407pt x 16.56187pt>
File: ./images/8/setState.png Graphic file (type png)
<use ./images/8/setState.png>
Package pdftex.def Info: ./images/8/setState.png  used on input line 328.
(pdftex.def)             Requested size: 290.22107pt x 21.79224pt.


Package fancyhdr Warning: \headheight is too small (13.07225pt): 
(fancyhdr)                Make it at least 14.49998pt, for example:
(fancyhdr)                \setlength{\headheight}{14.49998pt}.
(fancyhdr)                You might also make \topmargin smaller:
(fancyhdr)                \addtolength{\topmargin}{-1.42773pt}.

[39

 <./images/8/speaker.png> <./images/8/getStateRPC.png> <./images/8/getStateRPCResponse.png> <./images/8/setState.png>]
<./images/8/Diagrama.jpg, id=702, 652.68843pt x 298.11375pt>
File: ./images/8/Diagrama.jpg Graphic file (type jpg)
<use ./images/8/Diagrama.jpg>
Package pdftex.def Info: ./images/8/Diagrama.jpg  used on input line 344.
(pdftex.def)             Requested size: 483.69687pt x 220.93733pt.


Package fancyhdr Warning: \headheight is too small (13.07225pt): 
(fancyhdr)                Make it at least 14.49998pt, for example:
(fancyhdr)                \setlength{\headheight}{14.49998pt}.
(fancyhdr)                You might also make \topmargin smaller:
(fancyhdr)                \addtolength{\topmargin}{-1.42773pt}.

[40

 <./images/8/Diagrama.jpg>]

Package fancyhdr Warning: \headheight is too small (13.07225pt): 
(fancyhdr)                Make it at least 14.49998pt, for example:
(fancyhdr)                \setlength{\headheight}{14.49998pt}.
(fancyhdr)                You might also make \topmargin smaller:
(fancyhdr)                \addtolength{\topmargin}{-1.42773pt}.

[41

]
Overfull \hbox (6.07802pt too wide) in paragraph at lines 403--404
[]\OT1/ppl/b/n/12 UPM/MIoT/ARS/RiskSystem/alarms/FireDetected\OT1/ppl/m/n/12 : Trig-gered when a fire is con-firmed
 []


Overfull \hbox (3.09003pt too wide) in paragraph at lines 405--406
[]\OT1/ppl/b/n/12 UPM/MIoT/ARS/RiskSystem/alarms/FenceTrespassed\OT1/ppl/m/n/12 : Re-ceived when an an-i-mal has
 []


Package fancyhdr Warning: \headheight is too small (13.07225pt): 
(fancyhdr)                Make it at least 14.49998pt, for example:
(fancyhdr)                \setlength{\headheight}{14.49998pt}.
(fancyhdr)                You might also make \topmargin smaller:
(fancyhdr)                \addtolength{\topmargin}{-1.42773pt}.

[42

]
<images/8/01.png, id=716, 1084.05pt x 2177.13374pt>
File: images/8/01.png Graphic file (type png)
<use images/8/01.png>
Package pdftex.def Info: images/8/01.png  used on input line 419.
(pdftex.def)             Requested size: 127.98804pt x 257.02579pt.
<images/8/02.png, id=717, 1084.05pt x 2158.0625pt>
File: images/8/02.png Graphic file (type png)
<use images/8/02.png>
Package pdftex.def Info: images/8/02.png  used on input line 424.
(pdftex.def)             Requested size: 129.12514pt x 257.04642pt.
File: images/8/02.png Graphic file (type png)
<use images/8/02.png>
Package pdftex.def Info: images/8/02.png  used on input line 429.
(pdftex.def)             Requested size: 129.12514pt x 257.04642pt.
<images/8/04.png, id=719, 1084.05pt x 2159.06625pt>
File: images/8/04.png Graphic file (type png)
<use images/8/04.png>
Package pdftex.def Info: images/8/04.png  used on input line 451.
(pdftex.def)             Requested size: 170.64636pt x 339.85707pt.
<images/8/05.png, id=720, 1084.05pt x 2180.145pt>
File: images/8/05.png Graphic file (type png)
<use images/8/05.png>
Package pdftex.def Info: images/8/05.png  used on input line 456.
(pdftex.def)             Requested size: 170.24803pt x 342.37666pt.


Package fancyhdr Warning: \headheight is too small (13.07225pt): 
(fancyhdr)                Make it at least 14.49998pt, for example:
(fancyhdr)                \setlength{\headheight}{14.49998pt}.
(fancyhdr)                You might also make \topmargin smaller:
(fancyhdr)                \addtolength{\topmargin}{-1.42773pt}.

[43

 <./images/8/01.png> <./images/8/02.png>]
<./images/8/06.png, id=731, 813.0375pt x 1151.05031pt>
File: ./images/8/06.png Graphic file (type png)
<use ./images/8/06.png>
Package pdftex.def Info: ./images/8/06.png  used on input line 466.
(pdftex.def)             Requested size: 159.62085pt x 225.97316pt.
<./images/8/07.png, id=733, 1084.05pt x 2158.0625pt>
File: ./images/8/07.png Graphic file (type png)
<use ./images/8/07.png>
Package pdftex.def Info: ./images/8/07.png  used on input line 473.
(pdftex.def)             Requested size: 159.62085pt x 317.7352pt.


Package fancyhdr Warning: \headheight is too small (13.07225pt): 
(fancyhdr)                Make it at least 14.49998pt, for example:
(fancyhdr)                \setlength{\headheight}{14.49998pt}.
(fancyhdr)                You might also make \topmargin smaller:
(fancyhdr)                \addtolength{\topmargin}{-1.42773pt}.

[44 <./images/8/04.png> <./images/8/05.png> <./images/8/06.png>]

Package fancyhdr Warning: \headheight is too small (13.07225pt): 
(fancyhdr)                Make it at least 14.49998pt, for example:
(fancyhdr)                \setlength{\headheight}{14.49998pt}.
(fancyhdr)                You might also make \topmargin smaller:
(fancyhdr)                \addtolength{\topmargin}{-1.42773pt}.

[45 <./images/8/07.png>]
<images/8/08.png, id=751, 1084.05pt x 2172.115pt>
File: images/8/08.png Graphic file (type png)
<use images/8/08.png>
Package pdftex.def Info: images/8/08.png  used on input line 494.
(pdftex.def)             Requested size: 137.85455pt x 276.18698pt.
<images/8/10.png, id=752, 1084.05pt x 2160.07pt>
File: images/8/10.png Graphic file (type png)
<use images/8/10.png>
Package pdftex.def Info: images/8/10.png  used on input line 499.
(pdftex.def)             Requested size: 137.85455pt x 274.65544pt.
<images/8/11.png, id=753, 1084.05pt x 2170.1075pt>
File: images/8/11.png Graphic file (type png)
<use images/8/11.png>
Package pdftex.def Info: images/8/11.png  used on input line 504.
(pdftex.def)             Requested size: 137.85455pt x 275.93172pt.
<images/8/13.png, id=754, 1084.05pt x 2174.1225pt>
File: images/8/13.png Graphic file (type png)
<use images/8/13.png>
Package pdftex.def Info: images/8/13.png  used on input line 509.
(pdftex.def)             Requested size: 137.85455pt x 276.44223pt.
<images/8/14.png, id=755, 1084.05pt x 2156.055pt>
File: images/8/14.png Graphic file (type png)
<use images/8/14.png>
Package pdftex.def Info: images/8/14.png  used on input line 514.
(pdftex.def)             Requested size: 137.85455pt x 274.14493pt.
<images/8/17.png, id=756, 1084.05pt x 2169.10374pt>
File: images/8/17.png Graphic file (type png)
<use images/8/17.png>
Package pdftex.def Info: images/8/17.png  used on input line 519.
(pdftex.def)             Requested size: 137.85455pt x 275.8041pt.
)

Package fancyhdr Warning: \headheight is too small (13.07225pt): 
(fancyhdr)                Make it at least 14.49998pt, for example:
(fancyhdr)                \setlength{\headheight}{14.49998pt}.
(fancyhdr)                You might also make \topmargin smaller:
(fancyhdr)                \addtolength{\topmargin}{-1.42773pt}.

[46 <./images/8/08.png> <./images/8/10.png> <./images/8/11.png> <./images/8/13.png> <./images/8/14.png> <./images/8/17.png>]
\openout2 = `includes/testing.aux'.

 (includes/testing.tex
<./images/9/NodeRed.png, id=769, 522.45187pt x 598.48593pt>
File: ./images/9/NodeRed.png Graphic file (type png)
<use ./images/9/NodeRed.png>
Package pdftex.def Info: ./images/9/NodeRed.png  used on input line 10.
(pdftex.def)             Requested size: 338.58632pt x 387.86972pt.
)

Package fancyhdr Warning: \headheight is too small (13.07225pt): 
(fancyhdr)                Make it at least 14.49998pt, for example:
(fancyhdr)                \setlength{\headheight}{14.49998pt}.
(fancyhdr)                You might also make \topmargin smaller:
(fancyhdr)                \addtolength{\topmargin}{-1.42773pt}.

[47




 <./images/9/NodeRed.png>]
\openout2 = `includes/validation.aux'.

 (includes/validation.tex)

Package fancyhdr Warning: \headheight is too small (13.07225pt): 
(fancyhdr)                Make it at least 14.49998pt, for example:
(fancyhdr)                \setlength{\headheight}{14.49998pt}.
(fancyhdr)                You might also make \topmargin smaller:
(fancyhdr)                \addtolength{\topmargin}{-1.42773pt}.

[48




]
\openout2 = `includes/conclusions.aux'.

 (includes/conclusions.tex
Overfull \hbox (2.83797pt too wide) in paragraph at lines 20--21
\OT1/ppl/m/n/12 Due to the lim-i-ta-tions in time, there are some good ideas that could ap-ply to this project: 
 []

)

Package fancyhdr Warning: \headheight is too small (13.07225pt): 
(fancyhdr)                Make it at least 14.49998pt, for example:
(fancyhdr)                \setlength{\headheight}{14.49998pt}.
(fancyhdr)                You might also make \topmargin smaller:
(fancyhdr)                \addtolength{\topmargin}{-1.42773pt}.

[49




]
Overfull \hbox (19.92502pt too wide) in paragraph at lines 83--83
\OT1/ppl/m/n/12 Avail-able: []$\OT1/cmtt/m/n/12 https : / / www . sciencedirect . com / science / article / pii / S1877050923020707$[]\OT1/ppl/m/n/12 . 
 []


Overfull \hbox (28.59918pt too wide) in paragraph at lines 83--83
[]\OT1/ppl/m/n/12 Panasonic, \OT1/ppl/m/it/12 Ast-ind-250613\OT1/ppl/m/n/12 . Ac-cessed: Jan. 3, 2025. [On-line]. Avail-able: []$\OT1/cmtt/m/n/12 https : / / industrial .
 []


Package fancyhdr Warning: \headheight is too small (13.07225pt): 
(fancyhdr)                Make it at least 14.49998pt, for example:
(fancyhdr)                \setlength{\headheight}{14.49998pt}.
(fancyhdr)                You might also make \topmargin smaller:
(fancyhdr)                \addtolength{\topmargin}{-1.42773pt}.

[50



]
Overfull \hbox (24.64995pt too wide) in paragraph at lines 83--83
[]\OT1/ppl/m/it/12 MANUAL-DEL-USUARIO-SENSOR-DE-MOVIMIENTO-PIR-HC-SR501\OT1/ppl/m/n/12 . Ac-cessed: Jan. 31,
 []


Overfull \hbox (12.28896pt too wide) in paragraph at lines 83--83
[]\OT1/ppl/m/it/12 MPU-6000-Datasheet1\OT1/ppl/m/n/12 . Ac-cessed: Jan. 31, 2025. [On-line]. Avail-able: []$\OT1/cmtt/m/n/12 https : / / invensense .
 []


Package fancyhdr Warning: \headheight is too small (13.07225pt): 
(fancyhdr)                Make it at least 14.49998pt, for example:
(fancyhdr)                \setlength{\headheight}{14.49998pt}.
(fancyhdr)                You might also make \topmargin smaller:
(fancyhdr)                \addtolength{\topmargin}{-1.42773pt}.

[51]
\openout2 = `includes/appendices.aux'.

 (includes/appendices.tex
<./images/Tasks.png, id=857, 1298.60156pt x 551.81157pt>
File: ./images/Tasks.png Graphic file (type png)
<use ./images/Tasks.png>
Package pdftex.def Info: ./images/Tasks.png  used on input line 5.
(pdftex.def)             Requested size: 483.69687pt x 205.53111pt.
)

Package fancyhdr Warning: \headheight is too small (13.07225pt): 
(fancyhdr)                Make it at least 14.49998pt, for example:
(fancyhdr)                \setlength{\headheight}{14.49998pt}.
(fancyhdr)                You might also make \topmargin smaller:
(fancyhdr)                \addtolength{\topmargin}{-1.42773pt}.

[52

 <./images/Tasks.png>] (d:\Escritorio\UPM\IoT\Architecture\Architectures-Memory\out\ArchServicesMemory.aux (d:\Escritorio\UPM\IoT\Architecture\Architectures-Memory\out\includes/acro.aux) (d:\Escritorio\UPM\IoT\Architecture\Architectures-Memory\out\includes/introduction.aux) (d:\Escritorio\UPM\IoT\Architecture\Architectures-Memory\out\includes/sysdescrip.aux) (d:\Escritorio\UPM\IoT\Architecture\Architectures-Memory\out\includes/scope.aux) (d:\Escritorio\UPM\IoT\Architecture\Architectures-Memory\out\includes/sota.aux) (d:\Escritorio\UPM\IoT\Architecture\Architectures-Memory\out\includes/requirements.aux) (d:\Escritorio\UPM\IoT\Architecture\Architectures-Memory\out\includes/views.aux) (d:\Escritorio\UPM\IoT\Architecture\Architectures-Memory\out\includes/architecture.aux) (d:\Escritorio\UPM\IoT\Architecture\Architectures-Memory\out\includes/implementation.aux) (d:\Escritorio\UPM\IoT\Architecture\Architectures-Memory\out\includes/testing.aux) (d:\Escritorio\UPM\IoT\Architecture\Architectures-Memory\out\includes/validation.aux) (d:\Escritorio\UPM\IoT\Architecture\Architectures-Memory\out\includes/conclusions.aux) (d:\Escritorio\UPM\IoT\Architecture\Architectures-Memory\out\includes/appendices.aux))
 ***********
LaTeX2e <2023-11-01> patch level 1
L3 programming layer <2024-01-04>
 ***********
Package rerunfilecheck Info: File `ArchServicesMemory.out' has not changed.
(rerunfilecheck)             Checksum: 583560B2D9684E1E59C510E3C6988CE9;5449.
Package logreq Info: Writing requests to 'ArchServicesMemory.run.xml'.
\openout1 = `ArchServicesMemory.run.xml'.

 ) 
Here is how much of TeX's memory you used:
 44093 strings out of 474485
 843393 string characters out of 5753544
 1998542 words of memory out of 5000000
 65339 multiletter control sequences out of 15000+600000
 580107 words of font info for 86 fonts, out of 8000000 for 9000
 1141 hyphenation exceptions out of 8191
 104i,19n,104p,2461b,2522s stack positions out of 10000i,1000n,20000p,200000b,200000s
<C:/Program Files/MiKTeX/fonts/type1/public/amsfonts/cm/cmsy10.pfb><C:/Program Files/MiKTeX/fonts/type1/public/amsfonts/cm/cmtt12.pfb><C:/Users/Usuario/AppData/Roaming/MiKTeX/fonts/type1/public/mathpazo/fplmri.pfb><C:/Program Files/MiKTeX/fonts/type1/urw/palatino/uplb8a.pfb><C:/Program Files/MiKTeX/fonts/type1/urw/palatino/uplr8a.pfb><C:/Program Files/MiKTeX/fonts/type1/urw/palatino/uplri8a.pfb>
Output written on d:\Escritorio\UPM\IoT\Architecture\Architectures-Memory\out\ArchServicesMemory.pdf (57 pages, 36919477 bytes).
PDF statistics:
 943 PDF objects out of 1000 (max. 8388607)
 229 named destinations out of 1000 (max. 500000)
 487 words of extra memory for PDF output out of 10000 (max. 10000000)

